

Started GET "/" for ::1 at 2015-05-15 11:30:21 +0545
  [1m[36mActiveRecord::SchemaMigration Load (0.1ms)[0m  [1mSELECT "schema_migrations".* FROM "schema_migrations"[0m
Processing by FeedsController#index as HTML
  Rendered devise/sessions/_form.html.erb (32.6ms)
  [1m[35mFeed Load (0.2ms)[0m  SELECT "feeds".* FROM "feeds"
  [1m[36mUser Load (0.2ms)[0m  [1mSELECT  "users".* FROM "users" WHERE "users"."id" = ? LIMIT 1[0m  [["id", 1]]
  [1m[35m (0.1ms)[0m  SELECT COUNT(*) FROM "comments" WHERE "comments"."feed_id" = ?  [["feed_id", 36]]
  [1m[36m (0.2ms)[0m  [1mSELECT COUNT(*) FROM "votes" WHERE "votes"."votable_id" = ? AND "votes"."votable_type" = ? AND "votes"."vote_flag" = 't' AND "votes"."vote_scope" IS NULL[0m  [["votable_id", 36], ["votable_type", "Feed"]]
  [1m[35m (0.1ms)[0m  SELECT COUNT(*) FROM "votes" WHERE "votes"."votable_id" = ? AND "votes"."votable_type" = ? AND "votes"."vote_flag" = 'f' AND "votes"."vote_scope" IS NULL  [["votable_id", 36], ["votable_type", "Feed"]]
  [1m[36mCACHE (0.0ms)[0m  [1mSELECT  "users".* FROM "users" WHERE "users"."id" = ? LIMIT 1[0m  [["id", 1]]
  [1m[35m (0.1ms)[0m  SELECT COUNT(*) FROM "comments" WHERE "comments"."feed_id" = ?  [["feed_id", 34]]
  [1m[36m (0.1ms)[0m  [1mSELECT COUNT(*) FROM "votes" WHERE "votes"."votable_id" = ? AND "votes"."votable_type" = ? AND "votes"."vote_flag" = 't' AND "votes"."vote_scope" IS NULL[0m  [["votable_id", 34], ["votable_type", "Feed"]]
  [1m[35m (0.1ms)[0m  SELECT COUNT(*) FROM "votes" WHERE "votes"."votable_id" = ? AND "votes"."votable_type" = ? AND "votes"."vote_flag" = 'f' AND "votes"."vote_scope" IS NULL  [["votable_id", 34], ["votable_type", "Feed"]]
  [1m[36mCACHE (0.0ms)[0m  [1mSELECT  "users".* FROM "users" WHERE "users"."id" = ? LIMIT 1[0m  [["id", 1]]
  [1m[35m (0.1ms)[0m  SELECT COUNT(*) FROM "comments" WHERE "comments"."feed_id" = ?  [["feed_id", 30]]
  [1m[36m (0.1ms)[0m  [1mSELECT COUNT(*) FROM "votes" WHERE "votes"."votable_id" = ? AND "votes"."votable_type" = ? AND "votes"."vote_flag" = 't' AND "votes"."vote_scope" IS NULL[0m  [["votable_id", 30], ["votable_type", "Feed"]]
  [1m[35m (0.1ms)[0m  SELECT COUNT(*) FROM "votes" WHERE "votes"."votable_id" = ? AND "votes"."votable_type" = ? AND "votes"."vote_flag" = 'f' AND "votes"."vote_scope" IS NULL  [["votable_id", 30], ["votable_type", "Feed"]]
  [1m[36mUser Load (0.1ms)[0m  [1mSELECT  "users".* FROM "users" WHERE "users"."id" = ? LIMIT 1[0m  [["id", 6]]
  [1m[35m (0.1ms)[0m  SELECT COUNT(*) FROM "comments" WHERE "comments"."feed_id" = ?  [["feed_id", 13]]
  [1m[36m (0.1ms)[0m  [1mSELECT COUNT(*) FROM "votes" WHERE "votes"."votable_id" = ? AND "votes"."votable_type" = ? AND "votes"."vote_flag" = 't' AND "votes"."vote_scope" IS NULL[0m  [["votable_id", 13], ["votable_type", "Feed"]]
  [1m[35m (0.1ms)[0m  SELECT COUNT(*) FROM "votes" WHERE "votes"."votable_id" = ? AND "votes"."votable_type" = ? AND "votes"."vote_flag" = 'f' AND "votes"."vote_scope" IS NULL  [["votable_id", 13], ["votable_type", "Feed"]]
  [1m[36mUser Load (0.1ms)[0m  [1mSELECT  "users".* FROM "users" WHERE "users"."id" = ? LIMIT 1[0m  [["id", 2]]
  [1m[35m (0.1ms)[0m  SELECT COUNT(*) FROM "comments" WHERE "comments"."feed_id" = ?  [["feed_id", 2]]
  [1m[36m (0.1ms)[0m  [1mSELECT COUNT(*) FROM "votes" WHERE "votes"."votable_id" = ? AND "votes"."votable_type" = ? AND "votes"."vote_flag" = 't' AND "votes"."vote_scope" IS NULL[0m  [["votable_id", 2], ["votable_type", "Feed"]]
  [1m[35m (0.1ms)[0m  SELECT COUNT(*) FROM "votes" WHERE "votes"."votable_id" = ? AND "votes"."votable_type" = ? AND "votes"."vote_flag" = 'f' AND "votes"."vote_scope" IS NULL  [["votable_id", 2], ["votable_type", "Feed"]]
  [1m[36mCACHE (0.0ms)[0m  [1mSELECT  "users".* FROM "users" WHERE "users"."id" = ? LIMIT 1[0m  [["id", 1]]
  [1m[35m (0.1ms)[0m  SELECT COUNT(*) FROM "comments" WHERE "comments"."feed_id" = ?  [["feed_id", 1]]
  [1m[36m (0.1ms)[0m  [1mSELECT COUNT(*) FROM "votes" WHERE "votes"."votable_id" = ? AND "votes"."votable_type" = ? AND "votes"."vote_flag" = 't' AND "votes"."vote_scope" IS NULL[0m  [["votable_id", 1], ["votable_type", "Feed"]]
  [1m[35m (0.1ms)[0m  SELECT COUNT(*) FROM "votes" WHERE "votes"."votable_id" = ? AND "votes"."votable_type" = ? AND "votes"."vote_flag" = 'f' AND "votes"."vote_scope" IS NULL  [["votable_id", 1], ["votable_type", "Feed"]]
  Rendered feeds/index.html.erb within layouts/application (112.8ms)
  Rendered layouts/_footer.html.erb (0.6ms)
Completed 200 OK in 2498ms (Views: 2461.2ms | ActiveRecord: 2.8ms)


Started GET "/assets/bootstrap.self-8c0a18ef497d6248739c038ca99120e435b9d0ac33120bf065cd090558f70e73.css?body=1" for ::1 at 2015-05-15 11:30:24 +0545


Started GET "/assets/comments.self-e3b0c44298fc1c149afbf4c8996fb92427ae41e4649b934ca495991b7852b855.css?body=1" for ::1 at 2015-05-15 11:30:24 +0545


Started GET "/assets/feeds.self-acde013d84fcdda06249ceae0b878908bcf6280ff91c7db4d07f0372d80b662e.css?body=1" for ::1 at 2015-05-15 11:30:24 +0545


Started GET "/assets/font-awesome.self-2d17540bab3759939e910ca38a695f014e0c777ded3ad7a01c4658b9d3fc980d.css?body=1" for ::1 at 2015-05-15 11:30:24 +0545


Started GET "/assets/users.self-e3b0c44298fc1c149afbf4c8996fb92427ae41e4649b934ca495991b7852b855.css?body=1" for ::1 at 2015-05-15 11:30:24 +0545


Started GET "/assets/welcome.self-e3b0c44298fc1c149afbf4c8996fb92427ae41e4649b934ca495991b7852b855.css?body=1" for ::1 at 2015-05-15 11:30:24 +0545


Started GET "/assets/application.self-d885a0a66bd595c10edb24f8879f94e334d88be0730c4d7c7a7b57c731c09037.css?body=1" for ::1 at 2015-05-15 11:30:24 +0545


Started GET "/assets/jquery_ujs.self-8e98a7a072a6cee1372d19fff9ff3e6aa1e39a37d89d6f06861637d061113ee7.js?body=1" for ::1 at 2015-05-15 11:30:24 +0545


Started GET "/assets/jquery.self-d03a5518f45df77341bdbe6201ba3bfa547ebba8ed64f0ea56bfa5f96ea7c074.js?body=1" for ::1 at 2015-05-15 11:30:24 +0545


Started GET "/assets/turbolinks.self-c37727e9bd6b2735da5c311aa83fead54ed0be6cc8bd9a65309e9c5abe2cbfff.js?body=1" for ::1 at 2015-05-15 11:30:24 +0545


Started GET "/assets/bootstrap.self-2bbd2c0465f01b1f8270958ddfc2e62a08915f295a35d22df2971eb936cf3c64.js?body=1" for ::1 at 2015-05-15 11:30:24 +0545


Started GET "/assets/comments.self-877aef30ae1b040ab8a3aba4e3e309a11d7f2612f44dde450b5c157aa5f95c05.js?body=1" for ::1 at 2015-05-15 11:30:24 +0545


Started GET "/assets/feeds.self-930fefbb1df13c3e0f7cde87d7640e284297bf7aa3f25fbfb17af246a670f315.js?body=1" for ::1 at 2015-05-15 11:30:24 +0545


Started GET "/assets/table.self-3c4a5b356d5b21d69a281b221ab323360b5c62a6b48fa6dce87f53a1dafde5e3.js?body=1" for ::1 at 2015-05-15 11:30:24 +0545


Started GET "/assets/users.self-877aef30ae1b040ab8a3aba4e3e309a11d7f2612f44dde450b5c157aa5f95c05.js?body=1" for ::1 at 2015-05-15 11:30:24 +0545


Started GET "/assets/welcome.self-877aef30ae1b040ab8a3aba4e3e309a11d7f2612f44dde450b5c157aa5f95c05.js?body=1" for ::1 at 2015-05-15 11:30:24 +0545


Started GET "/assets/application.self-3b8dabdc891efe46b9a144b400ad69e37d7e5876bdc39dee783419a69d7ca819.js?body=1" for ::1 at 2015-05-15 11:30:24 +0545


Started GET "/users/sign_in" for ::1 at 2015-05-15 11:31:28 +0545
Processing by Devise::SessionsController#new as HTML
  Rendered devise/sessions/_form.html.erb (2.2ms)
  Rendered devise/shared/_links.html.erb (1.3ms)
  Rendered devise/sessions/new.html.erb within layouts/application (5.1ms)
  Rendered layouts/_footer.html.erb (0.1ms)
Completed 200 OK in 139ms (Views: 136.7ms | ActiveRecord: 0.0ms)


Started GET "/feeds" for ::1 at 2015-05-15 11:31:30 +0545
Processing by FeedsController#index as HTML
  Rendered devise/sessions/_form.html.erb (1.9ms)
  [1m[36mFeed Load (0.2ms)[0m  [1mSELECT "feeds".* FROM "feeds"[0m
  [1m[35mUser Load (0.1ms)[0m  SELECT  "users".* FROM "users" WHERE "users"."id" = ? LIMIT 1  [["id", 1]]
  [1m[36m (0.1ms)[0m  [1mSELECT COUNT(*) FROM "comments" WHERE "comments"."feed_id" = ?[0m  [["feed_id", 36]]
  [1m[35m (0.1ms)[0m  SELECT COUNT(*) FROM "votes" WHERE "votes"."votable_id" = ? AND "votes"."votable_type" = ? AND "votes"."vote_flag" = 't' AND "votes"."vote_scope" IS NULL  [["votable_id", 36], ["votable_type", "Feed"]]
  [1m[36m (0.1ms)[0m  [1mSELECT COUNT(*) FROM "votes" WHERE "votes"."votable_id" = ? AND "votes"."votable_type" = ? AND "votes"."vote_flag" = 'f' AND "votes"."vote_scope" IS NULL[0m  [["votable_id", 36], ["votable_type", "Feed"]]
  [1m[35mCACHE (0.0ms)[0m  SELECT  "users".* FROM "users" WHERE "users"."id" = ? LIMIT 1  [["id", 1]]
  [1m[36m (0.1ms)[0m  [1mSELECT COUNT(*) FROM "comments" WHERE "comments"."feed_id" = ?[0m  [["feed_id", 34]]
  [1m[35m (0.1ms)[0m  SELECT COUNT(*) FROM "votes" WHERE "votes"."votable_id" = ? AND "votes"."votable_type" = ? AND "votes"."vote_flag" = 't' AND "votes"."vote_scope" IS NULL  [["votable_id", 34], ["votable_type", "Feed"]]
  [1m[36m (0.1ms)[0m  [1mSELECT COUNT(*) FROM "votes" WHERE "votes"."votable_id" = ? AND "votes"."votable_type" = ? AND "votes"."vote_flag" = 'f' AND "votes"."vote_scope" IS NULL[0m  [["votable_id", 34], ["votable_type", "Feed"]]
  [1m[35mCACHE (0.0ms)[0m  SELECT  "users".* FROM "users" WHERE "users"."id" = ? LIMIT 1  [["id", 1]]
  [1m[36m (0.1ms)[0m  [1mSELECT COUNT(*) FROM "comments" WHERE "comments"."feed_id" = ?[0m  [["feed_id", 30]]
  [1m[35m (0.1ms)[0m  SELECT COUNT(*) FROM "votes" WHERE "votes"."votable_id" = ? AND "votes"."votable_type" = ? AND "votes"."vote_flag" = 't' AND "votes"."vote_scope" IS NULL  [["votable_id", 30], ["votable_type", "Feed"]]
  [1m[36m (0.1ms)[0m  [1mSELECT COUNT(*) FROM "votes" WHERE "votes"."votable_id" = ? AND "votes"."votable_type" = ? AND "votes"."vote_flag" = 'f' AND "votes"."vote_scope" IS NULL[0m  [["votable_id", 30], ["votable_type", "Feed"]]
  [1m[35mUser Load (0.1ms)[0m  SELECT  "users".* FROM "users" WHERE "users"."id" = ? LIMIT 1  [["id", 6]]
  [1m[36m (0.1ms)[0m  [1mSELECT COUNT(*) FROM "comments" WHERE "comments"."feed_id" = ?[0m  [["feed_id", 13]]
  [1m[35m (0.1ms)[0m  SELECT COUNT(*) FROM "votes" WHERE "votes"."votable_id" = ? AND "votes"."votable_type" = ? AND "votes"."vote_flag" = 't' AND "votes"."vote_scope" IS NULL  [["votable_id", 13], ["votable_type", "Feed"]]
  [1m[36m (0.1ms)[0m  [1mSELECT COUNT(*) FROM "votes" WHERE "votes"."votable_id" = ? AND "votes"."votable_type" = ? AND "votes"."vote_flag" = 'f' AND "votes"."vote_scope" IS NULL[0m  [["votable_id", 13], ["votable_type", "Feed"]]
  [1m[35mUser Load (0.1ms)[0m  SELECT  "users".* FROM "users" WHERE "users"."id" = ? LIMIT 1  [["id", 2]]
  [1m[36m (0.1ms)[0m  [1mSELECT COUNT(*) FROM "comments" WHERE "comments"."feed_id" = ?[0m  [["feed_id", 2]]
  [1m[35m (0.1ms)[0m  SELECT COUNT(*) FROM "votes" WHERE "votes"."votable_id" = ? AND "votes"."votable_type" = ? AND "votes"."vote_flag" = 't' AND "votes"."vote_scope" IS NULL  [["votable_id", 2], ["votable_type", "Feed"]]
  [1m[36m (0.1ms)[0m  [1mSELECT COUNT(*) FROM "votes" WHERE "votes"."votable_id" = ? AND "votes"."votable_type" = ? AND "votes"."vote_flag" = 'f' AND "votes"."vote_scope" IS NULL[0m  [["votable_id", 2], ["votable_type", "Feed"]]
  [1m[35mCACHE (0.0ms)[0m  SELECT  "users".* FROM "users" WHERE "users"."id" = ? LIMIT 1  [["id", 1]]
  [1m[36m (0.1ms)[0m  [1mSELECT COUNT(*) FROM "comments" WHERE "comments"."feed_id" = ?[0m  [["feed_id", 1]]
  [1m[35m (0.1ms)[0m  SELECT COUNT(*) FROM "votes" WHERE "votes"."votable_id" = ? AND "votes"."votable_type" = ? AND "votes"."vote_flag" = 't' AND "votes"."vote_scope" IS NULL  [["votable_id", 1], ["votable_type", "Feed"]]
  [1m[36m (0.1ms)[0m  [1mSELECT COUNT(*) FROM "votes" WHERE "votes"."votable_id" = ? AND "votes"."votable_type" = ? AND "votes"."vote_flag" = 'f' AND "votes"."vote_scope" IS NULL[0m  [["votable_id", 1], ["votable_type", "Feed"]]
  Rendered feeds/index.html.erb within layouts/application (30.4ms)
  Rendered layouts/_footer.html.erb (0.5ms)
Completed 200 OK in 116ms (Views: 110.3ms | ActiveRecord: 1.7ms)


Started GET "/users/show/1" for ::1 at 2015-05-15 11:31:31 +0545
Processing by UsersController#show as HTML
  Parameters: {"id"=>"1"}
  [1m[35mUser Load (0.1ms)[0m  SELECT  "users".* FROM "users" WHERE "users"."id" = ? LIMIT 1  [["id", 1]]
  [1m[36mFeed Load (0.2ms)[0m  [1mSELECT "feeds".* FROM "feeds" WHERE "feeds"."user_id" = ?[0m  [["user_id", 1]]
  [1m[35m (0.1ms)[0m  SELECT COUNT(*) FROM "comments" WHERE "comments"."feed_id" = ?  [["feed_id", 36]]
  [1m[36m (0.1ms)[0m  [1mSELECT COUNT(*) FROM "votes" WHERE "votes"."votable_id" = ? AND "votes"."votable_type" = ? AND "votes"."vote_flag" = 't' AND "votes"."vote_scope" IS NULL[0m  [["votable_id", 36], ["votable_type", "Feed"]]
  [1m[35m (0.1ms)[0m  SELECT COUNT(*) FROM "votes" WHERE "votes"."votable_id" = ? AND "votes"."votable_type" = ? AND "votes"."vote_flag" = 'f' AND "votes"."vote_scope" IS NULL  [["votable_id", 36], ["votable_type", "Feed"]]
  [1m[36m (0.1ms)[0m  [1mSELECT COUNT(*) FROM "comments" WHERE "comments"."feed_id" = ?[0m  [["feed_id", 34]]
  [1m[35m (0.1ms)[0m  SELECT COUNT(*) FROM "votes" WHERE "votes"."votable_id" = ? AND "votes"."votable_type" = ? AND "votes"."vote_flag" = 't' AND "votes"."vote_scope" IS NULL  [["votable_id", 34], ["votable_type", "Feed"]]
  [1m[36m (0.1ms)[0m  [1mSELECT COUNT(*) FROM "votes" WHERE "votes"."votable_id" = ? AND "votes"."votable_type" = ? AND "votes"."vote_flag" = 'f' AND "votes"."vote_scope" IS NULL[0m  [["votable_id", 34], ["votable_type", "Feed"]]
  [1m[35m (0.1ms)[0m  SELECT COUNT(*) FROM "comments" WHERE "comments"."feed_id" = ?  [["feed_id", 30]]
  [1m[36m (0.1ms)[0m  [1mSELECT COUNT(*) FROM "votes" WHERE "votes"."votable_id" = ? AND "votes"."votable_type" = ? AND "votes"."vote_flag" = 't' AND "votes"."vote_scope" IS NULL[0m  [["votable_id", 30], ["votable_type", "Feed"]]
  [1m[35m (0.1ms)[0m  SELECT COUNT(*) FROM "votes" WHERE "votes"."votable_id" = ? AND "votes"."votable_type" = ? AND "votes"."vote_flag" = 'f' AND "votes"."vote_scope" IS NULL  [["votable_id", 30], ["votable_type", "Feed"]]
  [1m[36m (0.1ms)[0m  [1mSELECT COUNT(*) FROM "comments" WHERE "comments"."feed_id" = ?[0m  [["feed_id", 1]]
  [1m[35m (0.1ms)[0m  SELECT COUNT(*) FROM "votes" WHERE "votes"."votable_id" = ? AND "votes"."votable_type" = ? AND "votes"."vote_flag" = 't' AND "votes"."vote_scope" IS NULL  [["votable_id", 1], ["votable_type", "Feed"]]
  [1m[36m (0.1ms)[0m  [1mSELECT COUNT(*) FROM "votes" WHERE "votes"."votable_id" = ? AND "votes"."votable_type" = ? AND "votes"."vote_flag" = 'f' AND "votes"."vote_scope" IS NULL[0m  [["votable_id", 1], ["votable_type", "Feed"]]
  [1m[35mComment Load (0.2ms)[0m  SELECT "comments".* FROM "comments" WHERE "comments"."user_id" = ?  [["user_id", 1]]
  [1m[36mFeed Load (0.2ms)[0m  [1mSELECT  "feeds".* FROM "feeds" WHERE "feeds"."id" = ? LIMIT 1[0m  [["id", 13]]
  [1m[35mCACHE (0.0ms)[0m  SELECT  "feeds".* FROM "feeds" WHERE "feeds"."id" = ? LIMIT 1  [["id", 13]]
  [1m[36mUser Load (0.1ms)[0m  [1mSELECT  "users".* FROM "users" WHERE "users"."id" = ? LIMIT 1[0m  [["id", 6]]
  [1m[35mCACHE (0.0ms)[0m  SELECT  "feeds".* FROM "feeds" WHERE "feeds"."id" = ? LIMIT 1  [["id", 13]]
  [1m[36mCACHE (0.0ms)[0m  [1mSELECT  "feeds".* FROM "feeds" WHERE "feeds"."id" = ? LIMIT 1[0m  [["id", 13]]
  [1m[35mCACHE (0.0ms)[0m  SELECT  "feeds".* FROM "feeds" WHERE "feeds"."id" = ? LIMIT 1  [["id", 13]]
  [1m[36mFeed Load (0.1ms)[0m  [1mSELECT  "feeds".* FROM "feeds" WHERE "feeds"."id" = ? LIMIT 1[0m  [["id", 2]]
  [1m[35mCACHE (0.0ms)[0m  SELECT  "feeds".* FROM "feeds" WHERE "feeds"."id" = ? LIMIT 1  [["id", 2]]
  [1m[36mUser Load (0.1ms)[0m  [1mSELECT  "users".* FROM "users" WHERE "users"."id" = ? LIMIT 1[0m  [["id", 2]]
  [1m[35mCACHE (0.0ms)[0m  SELECT  "feeds".* FROM "feeds" WHERE "feeds"."id" = ? LIMIT 1  [["id", 2]]
  [1m[36mCACHE (0.0ms)[0m  [1mSELECT  "feeds".* FROM "feeds" WHERE "feeds"."id" = ? LIMIT 1[0m  [["id", 2]]
  [1m[35mCACHE (0.0ms)[0m  SELECT  "feeds".* FROM "feeds" WHERE "feeds"."id" = ? LIMIT 1  [["id", 2]]
  Rendered users/show.html.erb within layouts/application (33.9ms)
  Rendered layouts/_footer.html.erb (0.1ms)
Completed 200 OK in 121ms (Views: 117.3ms | ActiveRecord: 2.1ms)


Started GET "/feeds/13" for ::1 at 2015-05-15 11:31:33 +0545
Processing by FeedsController#show as HTML
  Parameters: {"id"=>"13"}
  [1m[36mFeed Load (0.1ms)[0m  [1mSELECT  "feeds".* FROM "feeds" WHERE "feeds"."id" = ? LIMIT 1[0m  [["id", 13]]
  [1m[35mCACHE (0.0ms)[0m  SELECT  "feeds".* FROM "feeds" WHERE "feeds"."id" = ? LIMIT 1  [["id", "13"]]
  [1m[36mUser Load (0.1ms)[0m  [1mSELECT  "users".* FROM "users" WHERE "users"."id" = ? LIMIT 1[0m  [["id", 6]]
  [1m[35m (0.1ms)[0m  SELECT COUNT(*) FROM "votes" WHERE "votes"."votable_id" = ? AND "votes"."votable_type" = ? AND "votes"."vote_flag" = 't' AND "votes"."vote_scope" IS NULL  [["votable_id", 13], ["votable_type", "Feed"]]
  [1m[36m (0.1ms)[0m  [1mSELECT COUNT(*) FROM "votes" WHERE "votes"."votable_id" = ? AND "votes"."votable_type" = ? AND "votes"."vote_flag" = 'f' AND "votes"."vote_scope" IS NULL[0m  [["votable_id", 13], ["votable_type", "Feed"]]
  [1m[35mActsAsVotable::Vote Load (0.2ms)[0m  SELECT "votes".* FROM "votes" WHERE "votes"."votable_id" = ? AND "votes"."votable_type" = ? AND "votes"."vote_flag" = 'f' AND "votes"."vote_scope" IS NULL  [["votable_id", 13], ["votable_type", "Feed"]]
  [1m[36mActsAsVotable::Vote Load (0.1ms)[0m  [1mSELECT "votes".* FROM "votes" WHERE "votes"."votable_id" = ? AND "votes"."votable_type" = ? AND "votes"."vote_flag" = 't' AND "votes"."vote_scope" IS NULL[0m  [["votable_id", 13], ["votable_type", "Feed"]]
  [1m[35mUser Load (0.2ms)[0m  SELECT "users".* FROM "users" WHERE "users"."id" IN (1)
  [1m[36mCACHE (0.0ms)[0m  [1mSELECT "votes".* FROM "votes" WHERE "votes"."votable_id" = ? AND "votes"."votable_type" = ? AND "votes"."vote_flag" = 't' AND "votes"."vote_scope" IS NULL[0m  [["votable_id", 13], ["votable_type", "Feed"]]
  [1m[35mCACHE (0.0ms)[0m  SELECT "users".* FROM "users" WHERE "users"."id" IN (1)
  [1m[36mComment Exists (0.2ms)[0m  [1mSELECT  1 AS one FROM "comments" WHERE "comments"."feed_id" = ? LIMIT 1[0m  [["feed_id", 13]]
  [1m[35mComment Load (0.1ms)[0m  SELECT "comments".* FROM "comments" WHERE "comments"."feed_id" = ?  [["feed_id", 13]]
  [1m[36mCACHE (0.0ms)[0m  [1mSELECT  "users".* FROM "users" WHERE "users"."id" = ? LIMIT 1[0m  [["id", 6]]
  [1m[35mUser Load (0.1ms)[0m  SELECT  "users".* FROM "users" WHERE "users"."id" = ? LIMIT 1  [["id", 1]]
  Rendered comments/_comment.html.erb (3.3ms)
  Rendered devise/sessions/_form.html.erb (1.8ms)
  Rendered feeds/show.html.erb within layouts/application (83.3ms)
  Rendered layouts/_footer.html.erb (0.1ms)
Completed 200 OK in 176ms (Views: 169.8ms | ActiveRecord: 1.4ms)


Started GET "/users/show/6" for ::1 at 2015-05-15 11:31:35 +0545
Processing by UsersController#show as HTML
  Parameters: {"id"=>"6"}
  [1m[36mUser Load (0.1ms)[0m  [1mSELECT  "users".* FROM "users" WHERE "users"."id" = ? LIMIT 1[0m  [["id", 6]]
  [1m[35mFeed Load (0.1ms)[0m  SELECT "feeds".* FROM "feeds" WHERE "feeds"."user_id" = ?  [["user_id", 6]]
  [1m[36m (0.1ms)[0m  [1mSELECT COUNT(*) FROM "comments" WHERE "comments"."feed_id" = ?[0m  [["feed_id", 13]]
  [1m[35m (0.1ms)[0m  SELECT COUNT(*) FROM "votes" WHERE "votes"."votable_id" = ? AND "votes"."votable_type" = ? AND "votes"."vote_flag" = 't' AND "votes"."vote_scope" IS NULL  [["votable_id", 13], ["votable_type", "Feed"]]
  [1m[36m (0.1ms)[0m  [1mSELECT COUNT(*) FROM "votes" WHERE "votes"."votable_id" = ? AND "votes"."votable_type" = ? AND "votes"."vote_flag" = 'f' AND "votes"."vote_scope" IS NULL[0m  [["votable_id", 13], ["votable_type", "Feed"]]
  [1m[35mComment Load (0.1ms)[0m  SELECT "comments".* FROM "comments" WHERE "comments"."user_id" = ?  [["user_id", 6]]
  [1m[36mFeed Load (0.1ms)[0m  [1mSELECT  "feeds".* FROM "feeds" WHERE "feeds"."id" = ? LIMIT 1[0m  [["id", 13]]
  [1m[35mCACHE (0.0ms)[0m  SELECT  "feeds".* FROM "feeds" WHERE "feeds"."id" = ? LIMIT 1  [["id", 13]]
  [1m[36mUser Load (0.1ms)[0m  [1mSELECT  "users".* FROM "users" WHERE "users"."id" = ? LIMIT 1[0m  [["id", 6]]
  [1m[35mCACHE (0.0ms)[0m  SELECT  "feeds".* FROM "feeds" WHERE "feeds"."id" = ? LIMIT 1  [["id", 13]]
  [1m[36mCACHE (0.0ms)[0m  [1mSELECT  "feeds".* FROM "feeds" WHERE "feeds"."id" = ? LIMIT 1[0m  [["id", 13]]
  [1m[35mCACHE (0.0ms)[0m  SELECT  "feeds".* FROM "feeds" WHERE "feeds"."id" = ? LIMIT 1  [["id", 13]]
  Rendered users/show.html.erb within layouts/application (8.4ms)
  Rendered layouts/_footer.html.erb (0.1ms)
Completed 200 OK in 91ms (Views: 89.1ms | ActiveRecord: 0.7ms)


Started GET "/feeds/13" for ::1 at 2015-05-15 11:31:37 +0545
Processing by FeedsController#show as HTML
  Parameters: {"id"=>"13"}
  [1m[36mFeed Load (0.1ms)[0m  [1mSELECT  "feeds".* FROM "feeds" WHERE "feeds"."id" = ? LIMIT 1[0m  [["id", 13]]
  [1m[35mCACHE (0.0ms)[0m  SELECT  "feeds".* FROM "feeds" WHERE "feeds"."id" = ? LIMIT 1  [["id", "13"]]
  [1m[36mUser Load (0.1ms)[0m  [1mSELECT  "users".* FROM "users" WHERE "users"."id" = ? LIMIT 1[0m  [["id", 6]]
  [1m[35m (0.1ms)[0m  SELECT COUNT(*) FROM "votes" WHERE "votes"."votable_id" = ? AND "votes"."votable_type" = ? AND "votes"."vote_flag" = 't' AND "votes"."vote_scope" IS NULL  [["votable_id", 13], ["votable_type", "Feed"]]
  [1m[36m (0.1ms)[0m  [1mSELECT COUNT(*) FROM "votes" WHERE "votes"."votable_id" = ? AND "votes"."votable_type" = ? AND "votes"."vote_flag" = 'f' AND "votes"."vote_scope" IS NULL[0m  [["votable_id", 13], ["votable_type", "Feed"]]
  [1m[35mActsAsVotable::Vote Load (0.1ms)[0m  SELECT "votes".* FROM "votes" WHERE "votes"."votable_id" = ? AND "votes"."votable_type" = ? AND "votes"."vote_flag" = 'f' AND "votes"."vote_scope" IS NULL  [["votable_id", 13], ["votable_type", "Feed"]]
  [1m[36mActsAsVotable::Vote Load (0.1ms)[0m  [1mSELECT "votes".* FROM "votes" WHERE "votes"."votable_id" = ? AND "votes"."votable_type" = ? AND "votes"."vote_flag" = 't' AND "votes"."vote_scope" IS NULL[0m  [["votable_id", 13], ["votable_type", "Feed"]]
  [1m[35mUser Load (0.2ms)[0m  SELECT "users".* FROM "users" WHERE "users"."id" IN (1)
  [1m[36mCACHE (0.0ms)[0m  [1mSELECT "votes".* FROM "votes" WHERE "votes"."votable_id" = ? AND "votes"."votable_type" = ? AND "votes"."vote_flag" = 't' AND "votes"."vote_scope" IS NULL[0m  [["votable_id", 13], ["votable_type", "Feed"]]
  [1m[35mCACHE (0.0ms)[0m  SELECT "users".* FROM "users" WHERE "users"."id" IN (1)
  [1m[36mComment Exists (0.1ms)[0m  [1mSELECT  1 AS one FROM "comments" WHERE "comments"."feed_id" = ? LIMIT 1[0m  [["feed_id", 13]]
  [1m[35mComment Load (0.1ms)[0m  SELECT "comments".* FROM "comments" WHERE "comments"."feed_id" = ?  [["feed_id", 13]]
  [1m[36mCACHE (0.0ms)[0m  [1mSELECT  "users".* FROM "users" WHERE "users"."id" = ? LIMIT 1[0m  [["id", 6]]
  [1m[35mUser Load (0.1ms)[0m  SELECT  "users".* FROM "users" WHERE "users"."id" = ? LIMIT 1  [["id", 1]]
  Rendered comments/_comment.html.erb (2.2ms)
  Rendered devise/sessions/_form.html.erb (1.7ms)
  Rendered feeds/show.html.erb within layouts/application (15.3ms)
  Rendered layouts/_footer.html.erb (0.1ms)
Completed 200 OK in 104ms (Views: 99.3ms | ActiveRecord: 1.0ms)


Started GET "/users/show/1" for ::1 at 2015-05-15 11:31:39 +0545
Processing by UsersController#show as HTML
  Parameters: {"id"=>"1"}
  [1m[36mUser Load (0.1ms)[0m  [1mSELECT  "users".* FROM "users" WHERE "users"."id" = ? LIMIT 1[0m  [["id", 1]]
  [1m[35mFeed Load (0.1ms)[0m  SELECT "feeds".* FROM "feeds" WHERE "feeds"."user_id" = ?  [["user_id", 1]]
  [1m[36m (0.1ms)[0m  [1mSELECT COUNT(*) FROM "comments" WHERE "comments"."feed_id" = ?[0m  [["feed_id", 36]]
  [1m[35m (0.1ms)[0m  SELECT COUNT(*) FROM "votes" WHERE "votes"."votable_id" = ? AND "votes"."votable_type" = ? AND "votes"."vote_flag" = 't' AND "votes"."vote_scope" IS NULL  [["votable_id", 36], ["votable_type", "Feed"]]
  [1m[36m (0.1ms)[0m  [1mSELECT COUNT(*) FROM "votes" WHERE "votes"."votable_id" = ? AND "votes"."votable_type" = ? AND "votes"."vote_flag" = 'f' AND "votes"."vote_scope" IS NULL[0m  [["votable_id", 36], ["votable_type", "Feed"]]
  [1m[35m (0.1ms)[0m  SELECT COUNT(*) FROM "comments" WHERE "comments"."feed_id" = ?  [["feed_id", 34]]
  [1m[36m (0.1ms)[0m  [1mSELECT COUNT(*) FROM "votes" WHERE "votes"."votable_id" = ? AND "votes"."votable_type" = ? AND "votes"."vote_flag" = 't' AND "votes"."vote_scope" IS NULL[0m  [["votable_id", 34], ["votable_type", "Feed"]]
  [1m[35m (0.1ms)[0m  SELECT COUNT(*) FROM "votes" WHERE "votes"."votable_id" = ? AND "votes"."votable_type" = ? AND "votes"."vote_flag" = 'f' AND "votes"."vote_scope" IS NULL  [["votable_id", 34], ["votable_type", "Feed"]]
  [1m[36m (0.1ms)[0m  [1mSELECT COUNT(*) FROM "comments" WHERE "comments"."feed_id" = ?[0m  [["feed_id", 30]]
  [1m[35m (0.1ms)[0m  SELECT COUNT(*) FROM "votes" WHERE "votes"."votable_id" = ? AND "votes"."votable_type" = ? AND "votes"."vote_flag" = 't' AND "votes"."vote_scope" IS NULL  [["votable_id", 30], ["votable_type", "Feed"]]
  [1m[36m (0.1ms)[0m  [1mSELECT COUNT(*) FROM "votes" WHERE "votes"."votable_id" = ? AND "votes"."votable_type" = ? AND "votes"."vote_flag" = 'f' AND "votes"."vote_scope" IS NULL[0m  [["votable_id", 30], ["votable_type", "Feed"]]
  [1m[35m (0.1ms)[0m  SELECT COUNT(*) FROM "comments" WHERE "comments"."feed_id" = ?  [["feed_id", 1]]
  [1m[36m (0.1ms)[0m  [1mSELECT COUNT(*) FROM "votes" WHERE "votes"."votable_id" = ? AND "votes"."votable_type" = ? AND "votes"."vote_flag" = 't' AND "votes"."vote_scope" IS NULL[0m  [["votable_id", 1], ["votable_type", "Feed"]]
  [1m[35m (0.1ms)[0m  SELECT COUNT(*) FROM "votes" WHERE "votes"."votable_id" = ? AND "votes"."votable_type" = ? AND "votes"."vote_flag" = 'f' AND "votes"."vote_scope" IS NULL  [["votable_id", 1], ["votable_type", "Feed"]]
  [1m[36mComment Load (0.1ms)[0m  [1mSELECT "comments".* FROM "comments" WHERE "comments"."user_id" = ?[0m  [["user_id", 1]]
  [1m[35mFeed Load (0.1ms)[0m  SELECT  "feeds".* FROM "feeds" WHERE "feeds"."id" = ? LIMIT 1  [["id", 13]]
  [1m[36mCACHE (0.0ms)[0m  [1mSELECT  "feeds".* FROM "feeds" WHERE "feeds"."id" = ? LIMIT 1[0m  [["id", 13]]
  [1m[35mUser Load (0.1ms)[0m  SELECT  "users".* FROM "users" WHERE "users"."id" = ? LIMIT 1  [["id", 6]]
  [1m[36mCACHE (0.0ms)[0m  [1mSELECT  "feeds".* FROM "feeds" WHERE "feeds"."id" = ? LIMIT 1[0m  [["id", 13]]
  [1m[35mCACHE (0.0ms)[0m  SELECT  "feeds".* FROM "feeds" WHERE "feeds"."id" = ? LIMIT 1  [["id", 13]]
  [1m[36mCACHE (0.0ms)[0m  [1mSELECT  "feeds".* FROM "feeds" WHERE "feeds"."id" = ? LIMIT 1[0m  [["id", 13]]
  [1m[35mFeed Load (0.1ms)[0m  SELECT  "feeds".* FROM "feeds" WHERE "feeds"."id" = ? LIMIT 1  [["id", 2]]
  [1m[36mCACHE (0.0ms)[0m  [1mSELECT  "feeds".* FROM "feeds" WHERE "feeds"."id" = ? LIMIT 1[0m  [["id", 2]]
  [1m[35mUser Load (0.1ms)[0m  SELECT  "users".* FROM "users" WHERE "users"."id" = ? LIMIT 1  [["id", 2]]
  [1m[36mCACHE (0.0ms)[0m  [1mSELECT  "feeds".* FROM "feeds" WHERE "feeds"."id" = ? LIMIT 1[0m  [["id", 2]]
  [1m[35mCACHE (0.0ms)[0m  SELECT  "feeds".* FROM "feeds" WHERE "feeds"."id" = ? LIMIT 1  [["id", 2]]
  [1m[36mCACHE (0.0ms)[0m  [1mSELECT  "feeds".* FROM "feeds" WHERE "feeds"."id" = ? LIMIT 1[0m  [["id", 2]]
  Rendered users/show.html.erb within layouts/application (20.3ms)
  Rendered layouts/_footer.html.erb (0.1ms)
Completed 200 OK in 155ms (Views: 152.5ms | ActiveRecord: 1.6ms)


Started GET "/users/show/2" for ::1 at 2015-05-15 11:31:40 +0545
Processing by UsersController#show as HTML
  Parameters: {"id"=>"2"}
  [1m[35mUser Load (0.1ms)[0m  SELECT  "users".* FROM "users" WHERE "users"."id" = ? LIMIT 1  [["id", 2]]
  [1m[36mFeed Load (0.1ms)[0m  [1mSELECT "feeds".* FROM "feeds" WHERE "feeds"."user_id" = ?[0m  [["user_id", 2]]
  [1m[35m (0.1ms)[0m  SELECT COUNT(*) FROM "comments" WHERE "comments"."feed_id" = ?  [["feed_id", 2]]
  [1m[36m (0.1ms)[0m  [1mSELECT COUNT(*) FROM "votes" WHERE "votes"."votable_id" = ? AND "votes"."votable_type" = ? AND "votes"."vote_flag" = 't' AND "votes"."vote_scope" IS NULL[0m  [["votable_id", 2], ["votable_type", "Feed"]]
  [1m[35m (0.1ms)[0m  SELECT COUNT(*) FROM "votes" WHERE "votes"."votable_id" = ? AND "votes"."votable_type" = ? AND "votes"."vote_flag" = 'f' AND "votes"."vote_scope" IS NULL  [["votable_id", 2], ["votable_type", "Feed"]]
  [1m[36mComment Load (0.1ms)[0m  [1mSELECT "comments".* FROM "comments" WHERE "comments"."user_id" = ?[0m  [["user_id", 2]]
  [1m[35mFeed Load (0.1ms)[0m  SELECT  "feeds".* FROM "feeds" WHERE "feeds"."id" = ? LIMIT 1  [["id", 1]]
  [1m[36mCACHE (0.0ms)[0m  [1mSELECT  "feeds".* FROM "feeds" WHERE "feeds"."id" = ? LIMIT 1[0m  [["id", 1]]
  [1m[35mUser Load (0.2ms)[0m  SELECT  "users".* FROM "users" WHERE "users"."id" = ? LIMIT 1  [["id", 1]]
  [1m[36mCACHE (0.0ms)[0m  [1mSELECT  "feeds".* FROM "feeds" WHERE "feeds"."id" = ? LIMIT 1[0m  [["id", 1]]
  [1m[35mCACHE (0.0ms)[0m  SELECT  "feeds".* FROM "feeds" WHERE "feeds"."id" = ? LIMIT 1  [["id", 1]]
  [1m[36mCACHE (0.0ms)[0m  [1mSELECT  "feeds".* FROM "feeds" WHERE "feeds"."id" = ? LIMIT 1[0m  [["id", 1]]
  Rendered users/show.html.erb within layouts/application (10.9ms)
  Rendered layouts/_footer.html.erb (0.1ms)
Completed 200 OK in 134ms (Views: 132.4ms | ActiveRecord: 0.8ms)


Started GET "/feeds/1" for ::1 at 2015-05-15 11:31:43 +0545
Processing by FeedsController#show as HTML
  Parameters: {"id"=>"1"}
  [1m[35mFeed Load (0.1ms)[0m  SELECT  "feeds".* FROM "feeds" WHERE "feeds"."id" = ? LIMIT 1  [["id", 1]]
  [1m[36mCACHE (0.0ms)[0m  [1mSELECT  "feeds".* FROM "feeds" WHERE "feeds"."id" = ? LIMIT 1[0m  [["id", "1"]]
  [1m[35mUser Load (0.1ms)[0m  SELECT  "users".* FROM "users" WHERE "users"."id" = ? LIMIT 1  [["id", 1]]
  [1m[36m (0.1ms)[0m  [1mSELECT COUNT(*) FROM "votes" WHERE "votes"."votable_id" = ? AND "votes"."votable_type" = ? AND "votes"."vote_flag" = 't' AND "votes"."vote_scope" IS NULL[0m  [["votable_id", 1], ["votable_type", "Feed"]]
  [1m[35m (0.1ms)[0m  SELECT COUNT(*) FROM "votes" WHERE "votes"."votable_id" = ? AND "votes"."votable_type" = ? AND "votes"."vote_flag" = 'f' AND "votes"."vote_scope" IS NULL  [["votable_id", 1], ["votable_type", "Feed"]]
  [1m[36mActsAsVotable::Vote Load (0.1ms)[0m  [1mSELECT "votes".* FROM "votes" WHERE "votes"."votable_id" = ? AND "votes"."votable_type" = ? AND "votes"."vote_flag" = 'f' AND "votes"."vote_scope" IS NULL[0m  [["votable_id", 1], ["votable_type", "Feed"]]
  [1m[35mActsAsVotable::Vote Load (0.1ms)[0m  SELECT "votes".* FROM "votes" WHERE "votes"."votable_id" = ? AND "votes"."votable_type" = ? AND "votes"."vote_flag" = 't' AND "votes"."vote_scope" IS NULL  [["votable_id", 1], ["votable_type", "Feed"]]
  [1m[36mUser Load (0.2ms)[0m  [1mSELECT "users".* FROM "users" WHERE "users"."id" IN (3, 2)[0m
  [1m[35mCACHE (0.0ms)[0m  SELECT "votes".* FROM "votes" WHERE "votes"."votable_id" = ? AND "votes"."votable_type" = ? AND "votes"."vote_flag" = 't' AND "votes"."vote_scope" IS NULL  [["votable_id", 1], ["votable_type", "Feed"]]
  [1m[36mCACHE (0.0ms)[0m  [1mSELECT "users".* FROM "users" WHERE "users"."id" IN (3, 2)[0m
  [1m[35mComment Exists (0.1ms)[0m  SELECT  1 AS one FROM "comments" WHERE "comments"."feed_id" = ? LIMIT 1  [["feed_id", 1]]
  [1m[36mComment Load (0.1ms)[0m  [1mSELECT "comments".* FROM "comments" WHERE "comments"."feed_id" = ?[0m  [["feed_id", 1]]
  [1m[35mUser Load (0.1ms)[0m  SELECT  "users".* FROM "users" WHERE "users"."id" = ? LIMIT 1  [["id", 3]]
  [1m[36mUser Load (0.1ms)[0m  [1mSELECT  "users".* FROM "users" WHERE "users"."id" = ? LIMIT 1[0m  [["id", 2]]
  Rendered comments/_comment.html.erb (2.2ms)
  Rendered devise/sessions/_form.html.erb (1.6ms)
  Rendered feeds/show.html.erb within layouts/application (16.0ms)
  Rendered layouts/_footer.html.erb (0.1ms)
Completed 200 OK in 112ms (Views: 106.6ms | ActiveRecord: 1.1ms)


Started GET "/users/show/3" for ::1 at 2015-05-15 11:31:44 +0545
Processing by UsersController#show as HTML
  Parameters: {"id"=>"3"}
  [1m[35mUser Load (0.1ms)[0m  SELECT  "users".* FROM "users" WHERE "users"."id" = ? LIMIT 1  [["id", 3]]
  [1m[36mFeed Load (0.1ms)[0m  [1mSELECT "feeds".* FROM "feeds" WHERE "feeds"."user_id" = ?[0m  [["user_id", 3]]
  [1m[35mComment Load (0.1ms)[0m  SELECT "comments".* FROM "comments" WHERE "comments"."user_id" = ?  [["user_id", 3]]
  [1m[36mFeed Load (0.1ms)[0m  [1mSELECT  "feeds".* FROM "feeds" WHERE "feeds"."id" = ? LIMIT 1[0m  [["id", 1]]
  [1m[35mCACHE (0.0ms)[0m  SELECT  "feeds".* FROM "feeds" WHERE "feeds"."id" = ? LIMIT 1  [["id", 1]]
  [1m[36mUser Load (0.1ms)[0m  [1mSELECT  "users".* FROM "users" WHERE "users"."id" = ? LIMIT 1[0m  [["id", 1]]
  [1m[35mCACHE (0.0ms)[0m  SELECT  "feeds".* FROM "feeds" WHERE "feeds"."id" = ? LIMIT 1  [["id", 1]]
  [1m[36mCACHE (0.0ms)[0m  [1mSELECT  "feeds".* FROM "feeds" WHERE "feeds"."id" = ? LIMIT 1[0m  [["id", 1]]
  [1m[35mCACHE (0.0ms)[0m  SELECT  "feeds".* FROM "feeds" WHERE "feeds"."id" = ? LIMIT 1  [["id", 1]]
  Rendered users/show.html.erb within layouts/application (4.6ms)
  Rendered layouts/_footer.html.erb (0.1ms)
Completed 200 OK in 89ms (Views: 87.3ms | ActiveRecord: 0.4ms)


Started GET "/feeds" for ::1 at 2015-05-15 11:31:45 +0545
Processing by FeedsController#index as HTML
  Rendered devise/sessions/_form.html.erb (1.7ms)
  [1m[36mFeed Load (0.2ms)[0m  [1mSELECT "feeds".* FROM "feeds"[0m
  [1m[35mUser Load (0.1ms)[0m  SELECT  "users".* FROM "users" WHERE "users"."id" = ? LIMIT 1  [["id", 1]]
  [1m[36m (0.1ms)[0m  [1mSELECT COUNT(*) FROM "comments" WHERE "comments"."feed_id" = ?[0m  [["feed_id", 36]]
  [1m[35m (0.1ms)[0m  SELECT COUNT(*) FROM "votes" WHERE "votes"."votable_id" = ? AND "votes"."votable_type" = ? AND "votes"."vote_flag" = 't' AND "votes"."vote_scope" IS NULL  [["votable_id", 36], ["votable_type", "Feed"]]
  [1m[36m (0.1ms)[0m  [1mSELECT COUNT(*) FROM "votes" WHERE "votes"."votable_id" = ? AND "votes"."votable_type" = ? AND "votes"."vote_flag" = 'f' AND "votes"."vote_scope" IS NULL[0m  [["votable_id", 36], ["votable_type", "Feed"]]
  [1m[35mCACHE (0.0ms)[0m  SELECT  "users".* FROM "users" WHERE "users"."id" = ? LIMIT 1  [["id", 1]]
  [1m[36m (0.1ms)[0m  [1mSELECT COUNT(*) FROM "comments" WHERE "comments"."feed_id" = ?[0m  [["feed_id", 34]]
  [1m[35m (0.1ms)[0m  SELECT COUNT(*) FROM "votes" WHERE "votes"."votable_id" = ? AND "votes"."votable_type" = ? AND "votes"."vote_flag" = 't' AND "votes"."vote_scope" IS NULL  [["votable_id", 34], ["votable_type", "Feed"]]
  [1m[36m (0.1ms)[0m  [1mSELECT COUNT(*) FROM "votes" WHERE "votes"."votable_id" = ? AND "votes"."votable_type" = ? AND "votes"."vote_flag" = 'f' AND "votes"."vote_scope" IS NULL[0m  [["votable_id", 34], ["votable_type", "Feed"]]
  [1m[35mCACHE (0.0ms)[0m  SELECT  "users".* FROM "users" WHERE "users"."id" = ? LIMIT 1  [["id", 1]]
  [1m[36m (0.1ms)[0m  [1mSELECT COUNT(*) FROM "comments" WHERE "comments"."feed_id" = ?[0m  [["feed_id", 30]]
  [1m[35m (0.1ms)[0m  SELECT COUNT(*) FROM "votes" WHERE "votes"."votable_id" = ? AND "votes"."votable_type" = ? AND "votes"."vote_flag" = 't' AND "votes"."vote_scope" IS NULL  [["votable_id", 30], ["votable_type", "Feed"]]
  [1m[36m (0.1ms)[0m  [1mSELECT COUNT(*) FROM "votes" WHERE "votes"."votable_id" = ? AND "votes"."votable_type" = ? AND "votes"."vote_flag" = 'f' AND "votes"."vote_scope" IS NULL[0m  [["votable_id", 30], ["votable_type", "Feed"]]
  [1m[35mUser Load (0.1ms)[0m  SELECT  "users".* FROM "users" WHERE "users"."id" = ? LIMIT 1  [["id", 6]]
  [1m[36m (0.1ms)[0m  [1mSELECT COUNT(*) FROM "comments" WHERE "comments"."feed_id" = ?[0m  [["feed_id", 13]]
  [1m[35m (0.1ms)[0m  SELECT COUNT(*) FROM "votes" WHERE "votes"."votable_id" = ? AND "votes"."votable_type" = ? AND "votes"."vote_flag" = 't' AND "votes"."vote_scope" IS NULL  [["votable_id", 13], ["votable_type", "Feed"]]
  [1m[36m (0.1ms)[0m  [1mSELECT COUNT(*) FROM "votes" WHERE "votes"."votable_id" = ? AND "votes"."votable_type" = ? AND "votes"."vote_flag" = 'f' AND "votes"."vote_scope" IS NULL[0m  [["votable_id", 13], ["votable_type", "Feed"]]
  [1m[35mUser Load (0.1ms)[0m  SELECT  "users".* FROM "users" WHERE "users"."id" = ? LIMIT 1  [["id", 2]]
  [1m[36m (0.1ms)[0m  [1mSELECT COUNT(*) FROM "comments" WHERE "comments"."feed_id" = ?[0m  [["feed_id", 2]]
  [1m[35m (0.1ms)[0m  SELECT COUNT(*) FROM "votes" WHERE "votes"."votable_id" = ? AND "votes"."votable_type" = ? AND "votes"."vote_flag" = 't' AND "votes"."vote_scope" IS NULL  [["votable_id", 2], ["votable_type", "Feed"]]
  [1m[36m (0.1ms)[0m  [1mSELECT COUNT(*) FROM "votes" WHERE "votes"."votable_id" = ? AND "votes"."votable_type" = ? AND "votes"."vote_flag" = 'f' AND "votes"."vote_scope" IS NULL[0m  [["votable_id", 2], ["votable_type", "Feed"]]
  [1m[35mCACHE (0.0ms)[0m  SELECT  "users".* FROM "users" WHERE "users"."id" = ? LIMIT 1  [["id", 1]]
  [1m[36m (0.1ms)[0m  [1mSELECT COUNT(*) FROM "comments" WHERE "comments"."feed_id" = ?[0m  [["feed_id", 1]]
  [1m[35m (0.1ms)[0m  SELECT COUNT(*) FROM "votes" WHERE "votes"."votable_id" = ? AND "votes"."votable_type" = ? AND "votes"."vote_flag" = 't' AND "votes"."vote_scope" IS NULL  [["votable_id", 1], ["votable_type", "Feed"]]
  [1m[36m (0.1ms)[0m  [1mSELECT COUNT(*) FROM "votes" WHERE "votes"."votable_id" = ? AND "votes"."votable_type" = ? AND "votes"."vote_flag" = 'f' AND "votes"."vote_scope" IS NULL[0m  [["votable_id", 1], ["votable_type", "Feed"]]
  Rendered feeds/index.html.erb within layouts/application (28.5ms)
  Rendered layouts/_footer.html.erb (0.1ms)
Completed 200 OK in 130ms (Views: 124.1ms | ActiveRecord: 1.8ms)


Started GET "/feeds" for ::1 at 2015-05-15 11:31:51 +0545
Processing by FeedsController#index as HTML
  Rendered devise/sessions/_form.html.erb (1.8ms)
  [1m[35mFeed Load (0.2ms)[0m  SELECT "feeds".* FROM "feeds"
  [1m[36mUser Load (0.1ms)[0m  [1mSELECT  "users".* FROM "users" WHERE "users"."id" = ? LIMIT 1[0m  [["id", 1]]
  [1m[35m (0.1ms)[0m  SELECT COUNT(*) FROM "comments" WHERE "comments"."feed_id" = ?  [["feed_id", 36]]
  [1m[36m (0.1ms)[0m  [1mSELECT COUNT(*) FROM "votes" WHERE "votes"."votable_id" = ? AND "votes"."votable_type" = ? AND "votes"."vote_flag" = 't' AND "votes"."vote_scope" IS NULL[0m  [["votable_id", 36], ["votable_type", "Feed"]]
  [1m[35m (0.1ms)[0m  SELECT COUNT(*) FROM "votes" WHERE "votes"."votable_id" = ? AND "votes"."votable_type" = ? AND "votes"."vote_flag" = 'f' AND "votes"."vote_scope" IS NULL  [["votable_id", 36], ["votable_type", "Feed"]]
  [1m[36mCACHE (0.2ms)[0m  [1mSELECT  "users".* FROM "users" WHERE "users"."id" = ? LIMIT 1[0m  [["id", 1]]
  [1m[35m (0.1ms)[0m  SELECT COUNT(*) FROM "comments" WHERE "comments"."feed_id" = ?  [["feed_id", 34]]
  [1m[36m (0.1ms)[0m  [1mSELECT COUNT(*) FROM "votes" WHERE "votes"."votable_id" = ? AND "votes"."votable_type" = ? AND "votes"."vote_flag" = 't' AND "votes"."vote_scope" IS NULL[0m  [["votable_id", 34], ["votable_type", "Feed"]]
  [1m[35m (0.1ms)[0m  SELECT COUNT(*) FROM "votes" WHERE "votes"."votable_id" = ? AND "votes"."votable_type" = ? AND "votes"."vote_flag" = 'f' AND "votes"."vote_scope" IS NULL  [["votable_id", 34], ["votable_type", "Feed"]]
  [1m[36mCACHE (0.0ms)[0m  [1mSELECT  "users".* FROM "users" WHERE "users"."id" = ? LIMIT 1[0m  [["id", 1]]
  [1m[35m (0.1ms)[0m  SELECT COUNT(*) FROM "comments" WHERE "comments"."feed_id" = ?  [["feed_id", 30]]
  [1m[36m (0.1ms)[0m  [1mSELECT COUNT(*) FROM "votes" WHERE "votes"."votable_id" = ? AND "votes"."votable_type" = ? AND "votes"."vote_flag" = 't' AND "votes"."vote_scope" IS NULL[0m  [["votable_id", 30], ["votable_type", "Feed"]]
  [1m[35m (0.1ms)[0m  SELECT COUNT(*) FROM "votes" WHERE "votes"."votable_id" = ? AND "votes"."votable_type" = ? AND "votes"."vote_flag" = 'f' AND "votes"."vote_scope" IS NULL  [["votable_id", 30], ["votable_type", "Feed"]]
  [1m[36mUser Load (0.1ms)[0m  [1mSELECT  "users".* FROM "users" WHERE "users"."id" = ? LIMIT 1[0m  [["id", 6]]
  [1m[35m (0.1ms)[0m  SELECT COUNT(*) FROM "comments" WHERE "comments"."feed_id" = ?  [["feed_id", 13]]
  [1m[36m (0.1ms)[0m  [1mSELECT COUNT(*) FROM "votes" WHERE "votes"."votable_id" = ? AND "votes"."votable_type" = ? AND "votes"."vote_flag" = 't' AND "votes"."vote_scope" IS NULL[0m  [["votable_id", 13], ["votable_type", "Feed"]]
  [1m[35m (0.1ms)[0m  SELECT COUNT(*) FROM "votes" WHERE "votes"."votable_id" = ? AND "votes"."votable_type" = ? AND "votes"."vote_flag" = 'f' AND "votes"."vote_scope" IS NULL  [["votable_id", 13], ["votable_type", "Feed"]]
  [1m[36mUser Load (0.1ms)[0m  [1mSELECT  "users".* FROM "users" WHERE "users"."id" = ? LIMIT 1[0m  [["id", 2]]
  [1m[35m (0.1ms)[0m  SELECT COUNT(*) FROM "comments" WHERE "comments"."feed_id" = ?  [["feed_id", 2]]
  [1m[36m (0.1ms)[0m  [1mSELECT COUNT(*) FROM "votes" WHERE "votes"."votable_id" = ? AND "votes"."votable_type" = ? AND "votes"."vote_flag" = 't' AND "votes"."vote_scope" IS NULL[0m  [["votable_id", 2], ["votable_type", "Feed"]]
  [1m[35m (0.1ms)[0m  SELECT COUNT(*) FROM "votes" WHERE "votes"."votable_id" = ? AND "votes"."votable_type" = ? AND "votes"."vote_flag" = 'f' AND "votes"."vote_scope" IS NULL  [["votable_id", 2], ["votable_type", "Feed"]]
  [1m[36mCACHE (0.0ms)[0m  [1mSELECT  "users".* FROM "users" WHERE "users"."id" = ? LIMIT 1[0m  [["id", 1]]
  [1m[35m (0.1ms)[0m  SELECT COUNT(*) FROM "comments" WHERE "comments"."feed_id" = ?  [["feed_id", 1]]
  [1m[36m (0.1ms)[0m  [1mSELECT COUNT(*) FROM "votes" WHERE "votes"."votable_id" = ? AND "votes"."votable_type" = ? AND "votes"."vote_flag" = 't' AND "votes"."vote_scope" IS NULL[0m  [["votable_id", 1], ["votable_type", "Feed"]]
  [1m[35m (0.1ms)[0m  SELECT COUNT(*) FROM "votes" WHERE "votes"."votable_id" = ? AND "votes"."votable_type" = ? AND "votes"."vote_flag" = 'f' AND "votes"."vote_scope" IS NULL  [["votable_id", 1], ["votable_type", "Feed"]]
  Rendered feeds/index.html.erb within layouts/application (39.9ms)
  Rendered layouts/_footer.html.erb (0.1ms)
Completed 200 OK in 136ms (Views: 129.7ms | ActiveRecord: 1.9ms)


Started POST "/users/sign_in" for ::1 at 2015-05-15 11:32:02 +0545
Processing by Devise::SessionsController#create as HTML
  Parameters: {"utf8"=>"✓", "authenticity_token"=>"OIGWHGe26sfH+vB/26+Pu0sqKshyVRttPLbT5z2dgCF4bQYyfttuYPGKqBJTd+Tca5XTOxNwWkfSEci5XvYNrQ==", "user"=>{"email"=>"nirazan@jpt.com", "password"=>"[FILTERED]", "remember_me"=>"0"}, "commit"=>"Log in"}
  [1m[36mUser Load (0.2ms)[0m  [1mSELECT  "users".* FROM "users" WHERE "users"."email" = ?  ORDER BY "users"."id" ASC LIMIT 1[0m  [["email", "nirazan@jpt.com"]]
  [1m[35m (0.1ms)[0m  begin transaction
  [1m[36mSQL (0.3ms)[0m  [1mUPDATE "users" SET "last_sign_in_at" = ?, "current_sign_in_at" = ?, "sign_in_count" = ?, "updated_at" = ? WHERE "users"."id" = ?[0m  [["last_sign_in_at", "2015-05-14 06:50:04.797301"], ["current_sign_in_at", "2015-05-15 05:47:03.072166"], ["sign_in_count", 29], ["updated_at", "2015-05-15 05:47:03.073591"], ["id", 1]]
  [1m[35m (0.9ms)[0m  commit transaction
Redirected to http://localhost:3000/
Completed 302 Found in 112ms (ActiveRecord: 1.5ms)


Started GET "/" for ::1 at 2015-05-15 11:32:03 +0545
Processing by FeedsController#index as HTML
  [1m[36mUser Load (0.2ms)[0m  [1mSELECT  "users".* FROM "users" WHERE "users"."id" = ?  ORDER BY "users"."id" ASC LIMIT 1[0m  [["id", 1]]
  Rendered feeds/_form.html.erb (1.6ms)
  [1m[35mFeed Load (0.2ms)[0m  SELECT "feeds".* FROM "feeds"
  [1m[36mUser Load (0.1ms)[0m  [1mSELECT  "users".* FROM "users" WHERE "users"."id" = ? LIMIT 1[0m  [["id", 1]]
  [1m[35m (0.1ms)[0m  SELECT COUNT(*) FROM "comments" WHERE "comments"."feed_id" = ?  [["feed_id", 36]]
  [1m[36m (0.2ms)[0m  [1mSELECT COUNT(*) FROM "votes" WHERE "votes"."voter_id" = ? AND "votes"."voter_type" = ? AND "votes"."votable_id" = ? AND "votes"."votable_type" = ? AND "votes"."vote_scope" IS NULL AND "votes"."vote_flag" = 't'[0m  [["voter_id", 1], ["voter_type", "User"], ["votable_id", 36], ["votable_type", "Feed"]]
  [1m[35m (0.1ms)[0m  SELECT COUNT(*) FROM "votes" WHERE "votes"."votable_id" = ? AND "votes"."votable_type" = ? AND "votes"."vote_flag" = 't' AND "votes"."vote_scope" IS NULL  [["votable_id", 36], ["votable_type", "Feed"]]
  [1m[36m (0.1ms)[0m  [1mSELECT COUNT(*) FROM "votes" WHERE "votes"."voter_id" = ? AND "votes"."voter_type" = ? AND "votes"."votable_id" = ? AND "votes"."votable_type" = ? AND "votes"."vote_scope" IS NULL AND "votes"."vote_flag" = 'f'[0m  [["voter_id", 1], ["voter_type", "User"], ["votable_id", 36], ["votable_type", "Feed"]]
  [1m[35m (0.1ms)[0m  SELECT COUNT(*) FROM "votes" WHERE "votes"."votable_id" = ? AND "votes"."votable_type" = ? AND "votes"."vote_flag" = 'f' AND "votes"."vote_scope" IS NULL  [["votable_id", 36], ["votable_type", "Feed"]]
  [1m[36mCACHE (0.0ms)[0m  [1mSELECT  "users".* FROM "users" WHERE "users"."id" = ? LIMIT 1[0m  [["id", 1]]
  [1m[35m (0.1ms)[0m  SELECT COUNT(*) FROM "comments" WHERE "comments"."feed_id" = ?  [["feed_id", 34]]
  [1m[36m (0.1ms)[0m  [1mSELECT COUNT(*) FROM "votes" WHERE "votes"."voter_id" = ? AND "votes"."voter_type" = ? AND "votes"."votable_id" = ? AND "votes"."votable_type" = ? AND "votes"."vote_scope" IS NULL AND "votes"."vote_flag" = 't'[0m  [["voter_id", 1], ["voter_type", "User"], ["votable_id", 34], ["votable_type", "Feed"]]
  [1m[35m (0.1ms)[0m  SELECT COUNT(*) FROM "votes" WHERE "votes"."votable_id" = ? AND "votes"."votable_type" = ? AND "votes"."vote_flag" = 't' AND "votes"."vote_scope" IS NULL  [["votable_id", 34], ["votable_type", "Feed"]]
  [1m[36m (0.1ms)[0m  [1mSELECT COUNT(*) FROM "votes" WHERE "votes"."voter_id" = ? AND "votes"."voter_type" = ? AND "votes"."votable_id" = ? AND "votes"."votable_type" = ? AND "votes"."vote_scope" IS NULL AND "votes"."vote_flag" = 'f'[0m  [["voter_id", 1], ["voter_type", "User"], ["votable_id", 34], ["votable_type", "Feed"]]
  [1m[35m (0.1ms)[0m  SELECT COUNT(*) FROM "votes" WHERE "votes"."votable_id" = ? AND "votes"."votable_type" = ? AND "votes"."vote_flag" = 'f' AND "votes"."vote_scope" IS NULL  [["votable_id", 34], ["votable_type", "Feed"]]
  [1m[36mCACHE (0.0ms)[0m  [1mSELECT  "users".* FROM "users" WHERE "users"."id" = ? LIMIT 1[0m  [["id", 1]]
  [1m[35m (0.1ms)[0m  SELECT COUNT(*) FROM "comments" WHERE "comments"."feed_id" = ?  [["feed_id", 30]]
  [1m[36m (0.1ms)[0m  [1mSELECT COUNT(*) FROM "votes" WHERE "votes"."voter_id" = ? AND "votes"."voter_type" = ? AND "votes"."votable_id" = ? AND "votes"."votable_type" = ? AND "votes"."vote_scope" IS NULL AND "votes"."vote_flag" = 't'[0m  [["voter_id", 1], ["voter_type", "User"], ["votable_id", 30], ["votable_type", "Feed"]]
  [1m[35m (0.1ms)[0m  SELECT COUNT(*) FROM "votes" WHERE "votes"."votable_id" = ? AND "votes"."votable_type" = ? AND "votes"."vote_flag" = 't' AND "votes"."vote_scope" IS NULL  [["votable_id", 30], ["votable_type", "Feed"]]
  [1m[36m (0.1ms)[0m  [1mSELECT COUNT(*) FROM "votes" WHERE "votes"."voter_id" = ? AND "votes"."voter_type" = ? AND "votes"."votable_id" = ? AND "votes"."votable_type" = ? AND "votes"."vote_scope" IS NULL AND "votes"."vote_flag" = 'f'[0m  [["voter_id", 1], ["voter_type", "User"], ["votable_id", 30], ["votable_type", "Feed"]]
  [1m[35m (0.1ms)[0m  SELECT COUNT(*) FROM "votes" WHERE "votes"."votable_id" = ? AND "votes"."votable_type" = ? AND "votes"."vote_flag" = 'f' AND "votes"."vote_scope" IS NULL  [["votable_id", 30], ["votable_type", "Feed"]]
  [1m[36mUser Load (0.1ms)[0m  [1mSELECT  "users".* FROM "users" WHERE "users"."id" = ? LIMIT 1[0m  [["id", 6]]
  [1m[35m (0.1ms)[0m  SELECT COUNT(*) FROM "comments" WHERE "comments"."feed_id" = ?  [["feed_id", 13]]
  [1m[36m (0.1ms)[0m  [1mSELECT COUNT(*) FROM "votes" WHERE "votes"."voter_id" = ? AND "votes"."voter_type" = ? AND "votes"."votable_id" = ? AND "votes"."votable_type" = ? AND "votes"."vote_scope" IS NULL AND "votes"."vote_flag" = 't'[0m  [["voter_id", 1], ["voter_type", "User"], ["votable_id", 13], ["votable_type", "Feed"]]
  [1m[35m (0.1ms)[0m  SELECT COUNT(*) FROM "votes" WHERE "votes"."votable_id" = ? AND "votes"."votable_type" = ? AND "votes"."vote_flag" = 't' AND "votes"."vote_scope" IS NULL  [["votable_id", 13], ["votable_type", "Feed"]]
  [1m[36m (0.1ms)[0m  [1mSELECT COUNT(*) FROM "votes" WHERE "votes"."voter_id" = ? AND "votes"."voter_type" = ? AND "votes"."votable_id" = ? AND "votes"."votable_type" = ? AND "votes"."vote_scope" IS NULL AND "votes"."vote_flag" = 'f'[0m  [["voter_id", 1], ["voter_type", "User"], ["votable_id", 13], ["votable_type", "Feed"]]
  [1m[35m (0.1ms)[0m  SELECT COUNT(*) FROM "votes" WHERE "votes"."votable_id" = ? AND "votes"."votable_type" = ? AND "votes"."vote_flag" = 'f' AND "votes"."vote_scope" IS NULL  [["votable_id", 13], ["votable_type", "Feed"]]
  [1m[36mUser Load (0.1ms)[0m  [1mSELECT  "users".* FROM "users" WHERE "users"."id" = ? LIMIT 1[0m  [["id", 2]]
  [1m[35m (0.1ms)[0m  SELECT COUNT(*) FROM "comments" WHERE "comments"."feed_id" = ?  [["feed_id", 2]]
  [1m[36m (0.1ms)[0m  [1mSELECT COUNT(*) FROM "votes" WHERE "votes"."voter_id" = ? AND "votes"."voter_type" = ? AND "votes"."votable_id" = ? AND "votes"."votable_type" = ? AND "votes"."vote_scope" IS NULL AND "votes"."vote_flag" = 't'[0m  [["voter_id", 1], ["voter_type", "User"], ["votable_id", 2], ["votable_type", "Feed"]]
  [1m[35m (0.1ms)[0m  SELECT COUNT(*) FROM "votes" WHERE "votes"."votable_id" = ? AND "votes"."votable_type" = ? AND "votes"."vote_flag" = 't' AND "votes"."vote_scope" IS NULL  [["votable_id", 2], ["votable_type", "Feed"]]
  [1m[36m (0.1ms)[0m  [1mSELECT COUNT(*) FROM "votes" WHERE "votes"."voter_id" = ? AND "votes"."voter_type" = ? AND "votes"."votable_id" = ? AND "votes"."votable_type" = ? AND "votes"."vote_scope" IS NULL AND "votes"."vote_flag" = 'f'[0m  [["voter_id", 1], ["voter_type", "User"], ["votable_id", 2], ["votable_type", "Feed"]]
  [1m[35m (0.1ms)[0m  SELECT COUNT(*) FROM "votes" WHERE "votes"."votable_id" = ? AND "votes"."votable_type" = ? AND "votes"."vote_flag" = 'f' AND "votes"."vote_scope" IS NULL  [["votable_id", 2], ["votable_type", "Feed"]]
  [1m[36mCACHE (0.0ms)[0m  [1mSELECT  "users".* FROM "users" WHERE "users"."id" = ? LIMIT 1[0m  [["id", 1]]
  [1m[35m (0.1ms)[0m  SELECT COUNT(*) FROM "comments" WHERE "comments"."feed_id" = ?  [["feed_id", 1]]
  [1m[36m (0.1ms)[0m  [1mSELECT COUNT(*) FROM "votes" WHERE "votes"."voter_id" = ? AND "votes"."voter_type" = ? AND "votes"."votable_id" = ? AND "votes"."votable_type" = ? AND "votes"."vote_scope" IS NULL AND "votes"."vote_flag" = 't'[0m  [["voter_id", 1], ["voter_type", "User"], ["votable_id", 1], ["votable_type", "Feed"]]
  [1m[35m (0.1ms)[0m  SELECT COUNT(*) FROM "votes" WHERE "votes"."votable_id" = ? AND "votes"."votable_type" = ? AND "votes"."vote_flag" = 't' AND "votes"."vote_scope" IS NULL  [["votable_id", 1], ["votable_type", "Feed"]]
  [1m[36m (0.1ms)[0m  [1mSELECT COUNT(*) FROM "votes" WHERE "votes"."voter_id" = ? AND "votes"."voter_type" = ? AND "votes"."votable_id" = ? AND "votes"."votable_type" = ? AND "votes"."vote_scope" IS NULL AND "votes"."vote_flag" = 'f'[0m  [["voter_id", 1], ["voter_type", "User"], ["votable_id", 1], ["votable_type", "Feed"]]
  [1m[35m (0.1ms)[0m  SELECT COUNT(*) FROM "votes" WHERE "votes"."votable_id" = ? AND "votes"."votable_type" = ? AND "votes"."vote_flag" = 'f' AND "votes"."vote_scope" IS NULL  [["votable_id", 1], ["votable_type", "Feed"]]
  Rendered feeds/index.html.erb within layouts/application (48.1ms)
  Rendered layouts/_footer.html.erb (0.1ms)
Completed 200 OK in 147ms (Views: 136.5ms | ActiveRecord: 3.3ms)


Started GET "/feeds" for ::1 at 2015-05-15 11:32:16 +0545
Processing by FeedsController#index as HTML
  [1m[36mUser Load (0.1ms)[0m  [1mSELECT  "users".* FROM "users" WHERE "users"."id" = ?  ORDER BY "users"."id" ASC LIMIT 1[0m  [["id", 1]]
  Rendered feeds/_form.html.erb (1.3ms)
  [1m[35mFeed Load (0.1ms)[0m  SELECT "feeds".* FROM "feeds"
  [1m[36mUser Load (0.1ms)[0m  [1mSELECT  "users".* FROM "users" WHERE "users"."id" = ? LIMIT 1[0m  [["id", 1]]
  [1m[35m (0.1ms)[0m  SELECT COUNT(*) FROM "comments" WHERE "comments"."feed_id" = ?  [["feed_id", 36]]
  [1m[36m (0.1ms)[0m  [1mSELECT COUNT(*) FROM "votes" WHERE "votes"."voter_id" = ? AND "votes"."voter_type" = ? AND "votes"."votable_id" = ? AND "votes"."votable_type" = ? AND "votes"."vote_scope" IS NULL AND "votes"."vote_flag" = 't'[0m  [["voter_id", 1], ["voter_type", "User"], ["votable_id", 36], ["votable_type", "Feed"]]
  [1m[35m (0.1ms)[0m  SELECT COUNT(*) FROM "votes" WHERE "votes"."votable_id" = ? AND "votes"."votable_type" = ? AND "votes"."vote_flag" = 't' AND "votes"."vote_scope" IS NULL  [["votable_id", 36], ["votable_type", "Feed"]]
  [1m[36m (0.1ms)[0m  [1mSELECT COUNT(*) FROM "votes" WHERE "votes"."voter_id" = ? AND "votes"."voter_type" = ? AND "votes"."votable_id" = ? AND "votes"."votable_type" = ? AND "votes"."vote_scope" IS NULL AND "votes"."vote_flag" = 'f'[0m  [["voter_id", 1], ["voter_type", "User"], ["votable_id", 36], ["votable_type", "Feed"]]
  [1m[35m (0.1ms)[0m  SELECT COUNT(*) FROM "votes" WHERE "votes"."votable_id" = ? AND "votes"."votable_type" = ? AND "votes"."vote_flag" = 'f' AND "votes"."vote_scope" IS NULL  [["votable_id", 36], ["votable_type", "Feed"]]
  [1m[36mCACHE (0.0ms)[0m  [1mSELECT  "users".* FROM "users" WHERE "users"."id" = ? LIMIT 1[0m  [["id", 1]]
  [1m[35m (0.1ms)[0m  SELECT COUNT(*) FROM "comments" WHERE "comments"."feed_id" = ?  [["feed_id", 34]]
  [1m[36m (0.1ms)[0m  [1mSELECT COUNT(*) FROM "votes" WHERE "votes"."voter_id" = ? AND "votes"."voter_type" = ? AND "votes"."votable_id" = ? AND "votes"."votable_type" = ? AND "votes"."vote_scope" IS NULL AND "votes"."vote_flag" = 't'[0m  [["voter_id", 1], ["voter_type", "User"], ["votable_id", 34], ["votable_type", "Feed"]]
  [1m[35m (0.1ms)[0m  SELECT COUNT(*) FROM "votes" WHERE "votes"."votable_id" = ? AND "votes"."votable_type" = ? AND "votes"."vote_flag" = 't' AND "votes"."vote_scope" IS NULL  [["votable_id", 34], ["votable_type", "Feed"]]
  [1m[36m (0.1ms)[0m  [1mSELECT COUNT(*) FROM "votes" WHERE "votes"."voter_id" = ? AND "votes"."voter_type" = ? AND "votes"."votable_id" = ? AND "votes"."votable_type" = ? AND "votes"."vote_scope" IS NULL AND "votes"."vote_flag" = 'f'[0m  [["voter_id", 1], ["voter_type", "User"], ["votable_id", 34], ["votable_type", "Feed"]]
  [1m[35m (0.1ms)[0m  SELECT COUNT(*) FROM "votes" WHERE "votes"."votable_id" = ? AND "votes"."votable_type" = ? AND "votes"."vote_flag" = 'f' AND "votes"."vote_scope" IS NULL  [["votable_id", 34], ["votable_type", "Feed"]]
  [1m[36mCACHE (0.0ms)[0m  [1mSELECT  "users".* FROM "users" WHERE "users"."id" = ? LIMIT 1[0m  [["id", 1]]
  [1m[35m (0.1ms)[0m  SELECT COUNT(*) FROM "comments" WHERE "comments"."feed_id" = ?  [["feed_id", 30]]
  [1m[36m (0.1ms)[0m  [1mSELECT COUNT(*) FROM "votes" WHERE "votes"."voter_id" = ? AND "votes"."voter_type" = ? AND "votes"."votable_id" = ? AND "votes"."votable_type" = ? AND "votes"."vote_scope" IS NULL AND "votes"."vote_flag" = 't'[0m  [["voter_id", 1], ["voter_type", "User"], ["votable_id", 30], ["votable_type", "Feed"]]
  [1m[35m (0.1ms)[0m  SELECT COUNT(*) FROM "votes" WHERE "votes"."votable_id" = ? AND "votes"."votable_type" = ? AND "votes"."vote_flag" = 't' AND "votes"."vote_scope" IS NULL  [["votable_id", 30], ["votable_type", "Feed"]]
  [1m[36m (0.1ms)[0m  [1mSELECT COUNT(*) FROM "votes" WHERE "votes"."voter_id" = ? AND "votes"."voter_type" = ? AND "votes"."votable_id" = ? AND "votes"."votable_type" = ? AND "votes"."vote_scope" IS NULL AND "votes"."vote_flag" = 'f'[0m  [["voter_id", 1], ["voter_type", "User"], ["votable_id", 30], ["votable_type", "Feed"]]
  [1m[35m (0.1ms)[0m  SELECT COUNT(*) FROM "votes" WHERE "votes"."votable_id" = ? AND "votes"."votable_type" = ? AND "votes"."vote_flag" = 'f' AND "votes"."vote_scope" IS NULL  [["votable_id", 30], ["votable_type", "Feed"]]
  [1m[36mUser Load (0.1ms)[0m  [1mSELECT  "users".* FROM "users" WHERE "users"."id" = ? LIMIT 1[0m  [["id", 6]]
  [1m[35m (0.1ms)[0m  SELECT COUNT(*) FROM "comments" WHERE "comments"."feed_id" = ?  [["feed_id", 13]]
  [1m[36m (0.1ms)[0m  [1mSELECT COUNT(*) FROM "votes" WHERE "votes"."voter_id" = ? AND "votes"."voter_type" = ? AND "votes"."votable_id" = ? AND "votes"."votable_type" = ? AND "votes"."vote_scope" IS NULL AND "votes"."vote_flag" = 't'[0m  [["voter_id", 1], ["voter_type", "User"], ["votable_id", 13], ["votable_type", "Feed"]]
  [1m[35m (0.1ms)[0m  SELECT COUNT(*) FROM "votes" WHERE "votes"."votable_id" = ? AND "votes"."votable_type" = ? AND "votes"."vote_flag" = 't' AND "votes"."vote_scope" IS NULL  [["votable_id", 13], ["votable_type", "Feed"]]
  [1m[36m (0.1ms)[0m  [1mSELECT COUNT(*) FROM "votes" WHERE "votes"."voter_id" = ? AND "votes"."voter_type" = ? AND "votes"."votable_id" = ? AND "votes"."votable_type" = ? AND "votes"."vote_scope" IS NULL AND "votes"."vote_flag" = 'f'[0m  [["voter_id", 1], ["voter_type", "User"], ["votable_id", 13], ["votable_type", "Feed"]]
  [1m[35m (0.1ms)[0m  SELECT COUNT(*) FROM "votes" WHERE "votes"."votable_id" = ? AND "votes"."votable_type" = ? AND "votes"."vote_flag" = 'f' AND "votes"."vote_scope" IS NULL  [["votable_id", 13], ["votable_type", "Feed"]]
  [1m[36mUser Load (0.1ms)[0m  [1mSELECT  "users".* FROM "users" WHERE "users"."id" = ? LIMIT 1[0m  [["id", 2]]
  [1m[35m (0.1ms)[0m  SELECT COUNT(*) FROM "comments" WHERE "comments"."feed_id" = ?  [["feed_id", 2]]
  [1m[36m (0.1ms)[0m  [1mSELECT COUNT(*) FROM "votes" WHERE "votes"."voter_id" = ? AND "votes"."voter_type" = ? AND "votes"."votable_id" = ? AND "votes"."votable_type" = ? AND "votes"."vote_scope" IS NULL AND "votes"."vote_flag" = 't'[0m  [["voter_id", 1], ["voter_type", "User"], ["votable_id", 2], ["votable_type", "Feed"]]
  [1m[35m (0.1ms)[0m  SELECT COUNT(*) FROM "votes" WHERE "votes"."votable_id" = ? AND "votes"."votable_type" = ? AND "votes"."vote_flag" = 't' AND "votes"."vote_scope" IS NULL  [["votable_id", 2], ["votable_type", "Feed"]]
  [1m[36m (0.1ms)[0m  [1mSELECT COUNT(*) FROM "votes" WHERE "votes"."voter_id" = ? AND "votes"."voter_type" = ? AND "votes"."votable_id" = ? AND "votes"."votable_type" = ? AND "votes"."vote_scope" IS NULL AND "votes"."vote_flag" = 'f'[0m  [["voter_id", 1], ["voter_type", "User"], ["votable_id", 2], ["votable_type", "Feed"]]
  [1m[35m (0.1ms)[0m  SELECT COUNT(*) FROM "votes" WHERE "votes"."votable_id" = ? AND "votes"."votable_type" = ? AND "votes"."vote_flag" = 'f' AND "votes"."vote_scope" IS NULL  [["votable_id", 2], ["votable_type", "Feed"]]
  [1m[36mCACHE (0.0ms)[0m  [1mSELECT  "users".* FROM "users" WHERE "users"."id" = ? LIMIT 1[0m  [["id", 1]]
  [1m[35m (0.1ms)[0m  SELECT COUNT(*) FROM "comments" WHERE "comments"."feed_id" = ?  [["feed_id", 1]]
  [1m[36m (0.1ms)[0m  [1mSELECT COUNT(*) FROM "votes" WHERE "votes"."voter_id" = ? AND "votes"."voter_type" = ? AND "votes"."votable_id" = ? AND "votes"."votable_type" = ? AND "votes"."vote_scope" IS NULL AND "votes"."vote_flag" = 't'[0m  [["voter_id", 1], ["voter_type", "User"], ["votable_id", 1], ["votable_type", "Feed"]]
  [1m[35m (0.1ms)[0m  SELECT COUNT(*) FROM "votes" WHERE "votes"."votable_id" = ? AND "votes"."votable_type" = ? AND "votes"."vote_flag" = 't' AND "votes"."vote_scope" IS NULL  [["votable_id", 1], ["votable_type", "Feed"]]
  [1m[36m (0.1ms)[0m  [1mSELECT COUNT(*) FROM "votes" WHERE "votes"."voter_id" = ? AND "votes"."voter_type" = ? AND "votes"."votable_id" = ? AND "votes"."votable_type" = ? AND "votes"."vote_scope" IS NULL AND "votes"."vote_flag" = 'f'[0m  [["voter_id", 1], ["voter_type", "User"], ["votable_id", 1], ["votable_type", "Feed"]]
  [1m[35m (0.1ms)[0m  SELECT COUNT(*) FROM "votes" WHERE "votes"."votable_id" = ? AND "votes"."votable_type" = ? AND "votes"."vote_flag" = 'f' AND "votes"."vote_scope" IS NULL  [["votable_id", 1], ["votable_type", "Feed"]]
  Rendered feeds/index.html.erb within layouts/application (36.8ms)
  Rendered layouts/_footer.html.erb (0.1ms)
Completed 200 OK in 121ms (Views: 113.4ms | ActiveRecord: 2.6ms)


Started GET "/feeds" for ::1 at 2015-05-15 11:32:17 +0545
Processing by FeedsController#index as HTML
  [1m[36mUser Load (0.1ms)[0m  [1mSELECT  "users".* FROM "users" WHERE "users"."id" = ?  ORDER BY "users"."id" ASC LIMIT 1[0m  [["id", 1]]
  Rendered feeds/_form.html.erb (0.6ms)
  [1m[35mFeed Load (0.1ms)[0m  SELECT "feeds".* FROM "feeds"
  [1m[36mUser Load (0.1ms)[0m  [1mSELECT  "users".* FROM "users" WHERE "users"."id" = ? LIMIT 1[0m  [["id", 1]]
  [1m[35m (0.1ms)[0m  SELECT COUNT(*) FROM "comments" WHERE "comments"."feed_id" = ?  [["feed_id", 36]]
  [1m[36m (0.1ms)[0m  [1mSELECT COUNT(*) FROM "votes" WHERE "votes"."voter_id" = ? AND "votes"."voter_type" = ? AND "votes"."votable_id" = ? AND "votes"."votable_type" = ? AND "votes"."vote_scope" IS NULL AND "votes"."vote_flag" = 't'[0m  [["voter_id", 1], ["voter_type", "User"], ["votable_id", 36], ["votable_type", "Feed"]]
  [1m[35m (0.1ms)[0m  SELECT COUNT(*) FROM "votes" WHERE "votes"."votable_id" = ? AND "votes"."votable_type" = ? AND "votes"."vote_flag" = 't' AND "votes"."vote_scope" IS NULL  [["votable_id", 36], ["votable_type", "Feed"]]
  [1m[36m (0.1ms)[0m  [1mSELECT COUNT(*) FROM "votes" WHERE "votes"."voter_id" = ? AND "votes"."voter_type" = ? AND "votes"."votable_id" = ? AND "votes"."votable_type" = ? AND "votes"."vote_scope" IS NULL AND "votes"."vote_flag" = 'f'[0m  [["voter_id", 1], ["voter_type", "User"], ["votable_id", 36], ["votable_type", "Feed"]]
  [1m[35m (0.1ms)[0m  SELECT COUNT(*) FROM "votes" WHERE "votes"."votable_id" = ? AND "votes"."votable_type" = ? AND "votes"."vote_flag" = 'f' AND "votes"."vote_scope" IS NULL  [["votable_id", 36], ["votable_type", "Feed"]]
  [1m[36mCACHE (0.0ms)[0m  [1mSELECT  "users".* FROM "users" WHERE "users"."id" = ? LIMIT 1[0m  [["id", 1]]
  [1m[35m (0.1ms)[0m  SELECT COUNT(*) FROM "comments" WHERE "comments"."feed_id" = ?  [["feed_id", 34]]
  [1m[36m (0.1ms)[0m  [1mSELECT COUNT(*) FROM "votes" WHERE "votes"."voter_id" = ? AND "votes"."voter_type" = ? AND "votes"."votable_id" = ? AND "votes"."votable_type" = ? AND "votes"."vote_scope" IS NULL AND "votes"."vote_flag" = 't'[0m  [["voter_id", 1], ["voter_type", "User"], ["votable_id", 34], ["votable_type", "Feed"]]
  [1m[35m (0.1ms)[0m  SELECT COUNT(*) FROM "votes" WHERE "votes"."votable_id" = ? AND "votes"."votable_type" = ? AND "votes"."vote_flag" = 't' AND "votes"."vote_scope" IS NULL  [["votable_id", 34], ["votable_type", "Feed"]]
  [1m[36m (0.1ms)[0m  [1mSELECT COUNT(*) FROM "votes" WHERE "votes"."voter_id" = ? AND "votes"."voter_type" = ? AND "votes"."votable_id" = ? AND "votes"."votable_type" = ? AND "votes"."vote_scope" IS NULL AND "votes"."vote_flag" = 'f'[0m  [["voter_id", 1], ["voter_type", "User"], ["votable_id", 34], ["votable_type", "Feed"]]
  [1m[35m (0.1ms)[0m  SELECT COUNT(*) FROM "votes" WHERE "votes"."votable_id" = ? AND "votes"."votable_type" = ? AND "votes"."vote_flag" = 'f' AND "votes"."vote_scope" IS NULL  [["votable_id", 34], ["votable_type", "Feed"]]
  [1m[36mCACHE (0.0ms)[0m  [1mSELECT  "users".* FROM "users" WHERE "users"."id" = ? LIMIT 1[0m  [["id", 1]]
  [1m[35m (0.1ms)[0m  SELECT COUNT(*) FROM "comments" WHERE "comments"."feed_id" = ?  [["feed_id", 30]]
  [1m[36m (0.1ms)[0m  [1mSELECT COUNT(*) FROM "votes" WHERE "votes"."voter_id" = ? AND "votes"."voter_type" = ? AND "votes"."votable_id" = ? AND "votes"."votable_type" = ? AND "votes"."vote_scope" IS NULL AND "votes"."vote_flag" = 't'[0m  [["voter_id", 1], ["voter_type", "User"], ["votable_id", 30], ["votable_type", "Feed"]]
  [1m[35m (0.1ms)[0m  SELECT COUNT(*) FROM "votes" WHERE "votes"."votable_id" = ? AND "votes"."votable_type" = ? AND "votes"."vote_flag" = 't' AND "votes"."vote_scope" IS NULL  [["votable_id", 30], ["votable_type", "Feed"]]
  [1m[36m (0.1ms)[0m  [1mSELECT COUNT(*) FROM "votes" WHERE "votes"."voter_id" = ? AND "votes"."voter_type" = ? AND "votes"."votable_id" = ? AND "votes"."votable_type" = ? AND "votes"."vote_scope" IS NULL AND "votes"."vote_flag" = 'f'[0m  [["voter_id", 1], ["voter_type", "User"], ["votable_id", 30], ["votable_type", "Feed"]]
  [1m[35m (0.1ms)[0m  SELECT COUNT(*) FROM "votes" WHERE "votes"."votable_id" = ? AND "votes"."votable_type" = ? AND "votes"."vote_flag" = 'f' AND "votes"."vote_scope" IS NULL  [["votable_id", 30], ["votable_type", "Feed"]]
  [1m[36mUser Load (0.1ms)[0m  [1mSELECT  "users".* FROM "users" WHERE "users"."id" = ? LIMIT 1[0m  [["id", 6]]
  [1m[35m (0.1ms)[0m  SELECT COUNT(*) FROM "comments" WHERE "comments"."feed_id" = ?  [["feed_id", 13]]
  [1m[36m (0.1ms)[0m  [1mSELECT COUNT(*) FROM "votes" WHERE "votes"."voter_id" = ? AND "votes"."voter_type" = ? AND "votes"."votable_id" = ? AND "votes"."votable_type" = ? AND "votes"."vote_scope" IS NULL AND "votes"."vote_flag" = 't'[0m  [["voter_id", 1], ["voter_type", "User"], ["votable_id", 13], ["votable_type", "Feed"]]
  [1m[35m (0.1ms)[0m  SELECT COUNT(*) FROM "votes" WHERE "votes"."votable_id" = ? AND "votes"."votable_type" = ? AND "votes"."vote_flag" = 't' AND "votes"."vote_scope" IS NULL  [["votable_id", 13], ["votable_type", "Feed"]]
  [1m[36m (0.1ms)[0m  [1mSELECT COUNT(*) FROM "votes" WHERE "votes"."voter_id" = ? AND "votes"."voter_type" = ? AND "votes"."votable_id" = ? AND "votes"."votable_type" = ? AND "votes"."vote_scope" IS NULL AND "votes"."vote_flag" = 'f'[0m  [["voter_id", 1], ["voter_type", "User"], ["votable_id", 13], ["votable_type", "Feed"]]
  [1m[35m (0.1ms)[0m  SELECT COUNT(*) FROM "votes" WHERE "votes"."votable_id" = ? AND "votes"."votable_type" = ? AND "votes"."vote_flag" = 'f' AND "votes"."vote_scope" IS NULL  [["votable_id", 13], ["votable_type", "Feed"]]
  [1m[36mUser Load (0.1ms)[0m  [1mSELECT  "users".* FROM "users" WHERE "users"."id" = ? LIMIT 1[0m  [["id", 2]]
  [1m[35m (0.1ms)[0m  SELECT COUNT(*) FROM "comments" WHERE "comments"."feed_id" = ?  [["feed_id", 2]]
  [1m[36m (0.1ms)[0m  [1mSELECT COUNT(*) FROM "votes" WHERE "votes"."voter_id" = ? AND "votes"."voter_type" = ? AND "votes"."votable_id" = ? AND "votes"."votable_type" = ? AND "votes"."vote_scope" IS NULL AND "votes"."vote_flag" = 't'[0m  [["voter_id", 1], ["voter_type", "User"], ["votable_id", 2], ["votable_type", "Feed"]]
  [1m[35m (0.1ms)[0m  SELECT COUNT(*) FROM "votes" WHERE "votes"."votable_id" = ? AND "votes"."votable_type" = ? AND "votes"."vote_flag" = 't' AND "votes"."vote_scope" IS NULL  [["votable_id", 2], ["votable_type", "Feed"]]
  [1m[36m (0.1ms)[0m  [1mSELECT COUNT(*) FROM "votes" WHERE "votes"."voter_id" = ? AND "votes"."voter_type" = ? AND "votes"."votable_id" = ? AND "votes"."votable_type" = ? AND "votes"."vote_scope" IS NULL AND "votes"."vote_flag" = 'f'[0m  [["voter_id", 1], ["voter_type", "User"], ["votable_id", 2], ["votable_type", "Feed"]]
  [1m[35m (0.1ms)[0m  SELECT COUNT(*) FROM "votes" WHERE "votes"."votable_id" = ? AND "votes"."votable_type" = ? AND "votes"."vote_flag" = 'f' AND "votes"."vote_scope" IS NULL  [["votable_id", 2], ["votable_type", "Feed"]]
  [1m[36mCACHE (0.0ms)[0m  [1mSELECT  "users".* FROM "users" WHERE "users"."id" = ? LIMIT 1[0m  [["id", 1]]
  [1m[35m (0.1ms)[0m  SELECT COUNT(*) FROM "comments" WHERE "comments"."feed_id" = ?  [["feed_id", 1]]
  [1m[36m (0.1ms)[0m  [1mSELECT COUNT(*) FROM "votes" WHERE "votes"."voter_id" = ? AND "votes"."voter_type" = ? AND "votes"."votable_id" = ? AND "votes"."votable_type" = ? AND "votes"."vote_scope" IS NULL AND "votes"."vote_flag" = 't'[0m  [["voter_id", 1], ["voter_type", "User"], ["votable_id", 1], ["votable_type", "Feed"]]
  [1m[35m (0.1ms)[0m  SELECT COUNT(*) FROM "votes" WHERE "votes"."votable_id" = ? AND "votes"."votable_type" = ? AND "votes"."vote_flag" = 't' AND "votes"."vote_scope" IS NULL  [["votable_id", 1], ["votable_type", "Feed"]]
  [1m[36m (0.1ms)[0m  [1mSELECT COUNT(*) FROM "votes" WHERE "votes"."voter_id" = ? AND "votes"."voter_type" = ? AND "votes"."votable_id" = ? AND "votes"."votable_type" = ? AND "votes"."vote_scope" IS NULL AND "votes"."vote_flag" = 'f'[0m  [["voter_id", 1], ["voter_type", "User"], ["votable_id", 1], ["votable_type", "Feed"]]
  [1m[35m (0.1ms)[0m  SELECT COUNT(*) FROM "votes" WHERE "votes"."votable_id" = ? AND "votes"."votable_type" = ? AND "votes"."vote_flag" = 'f' AND "votes"."vote_scope" IS NULL  [["votable_id", 1], ["votable_type", "Feed"]]
  Rendered feeds/index.html.erb within layouts/application (35.7ms)
  Rendered layouts/_footer.html.erb (0.1ms)
Completed 200 OK in 118ms (Views: 111.1ms | ActiveRecord: 2.6ms)


Started GET "/feeds/34" for ::1 at 2015-05-15 11:32:23 +0545
Processing by FeedsController#show as HTML
  Parameters: {"id"=>"34"}
  [1m[36mFeed Load (0.1ms)[0m  [1mSELECT  "feeds".* FROM "feeds" WHERE "feeds"."id" = ? LIMIT 1[0m  [["id", 34]]
  [1m[35mUser Load (0.1ms)[0m  SELECT  "users".* FROM "users" WHERE "users"."id" = ?  ORDER BY "users"."id" ASC LIMIT 1  [["id", 1]]
  [1m[36mCACHE (0.0ms)[0m  [1mSELECT  "feeds".* FROM "feeds" WHERE "feeds"."id" = ? LIMIT 1[0m  [["id", "34"]]
  [1m[35mUser Load (0.1ms)[0m  SELECT  "users".* FROM "users" WHERE "users"."id" = ? LIMIT 1  [["id", 1]]
  [1m[36m (0.1ms)[0m  [1mSELECT COUNT(*) FROM "votes" WHERE "votes"."voter_id" = ? AND "votes"."voter_type" = ? AND "votes"."votable_id" = ? AND "votes"."votable_type" = ? AND "votes"."vote_scope" IS NULL AND "votes"."vote_flag" = 't'[0m  [["voter_id", 1], ["voter_type", "User"], ["votable_id", 34], ["votable_type", "Feed"]]
  [1m[35m (0.1ms)[0m  SELECT COUNT(*) FROM "votes" WHERE "votes"."votable_id" = ? AND "votes"."votable_type" = ? AND "votes"."vote_flag" = 't' AND "votes"."vote_scope" IS NULL  [["votable_id", 34], ["votable_type", "Feed"]]
  [1m[36m (0.1ms)[0m  [1mSELECT COUNT(*) FROM "votes" WHERE "votes"."voter_id" = ? AND "votes"."voter_type" = ? AND "votes"."votable_id" = ? AND "votes"."votable_type" = ? AND "votes"."vote_scope" IS NULL AND "votes"."vote_flag" = 'f'[0m  [["voter_id", 1], ["voter_type", "User"], ["votable_id", 34], ["votable_type", "Feed"]]
  [1m[35m (0.1ms)[0m  SELECT COUNT(*) FROM "votes" WHERE "votes"."votable_id" = ? AND "votes"."votable_type" = ? AND "votes"."vote_flag" = 'f' AND "votes"."vote_scope" IS NULL  [["votable_id", 34], ["votable_type", "Feed"]]
  [1m[36mActsAsVotable::Vote Load (0.1ms)[0m  [1mSELECT "votes".* FROM "votes" WHERE "votes"."votable_id" = ? AND "votes"."votable_type" = ? AND "votes"."vote_flag" = 'f' AND "votes"."vote_scope" IS NULL[0m  [["votable_id", 34], ["votable_type", "Feed"]]
  [1m[35mActsAsVotable::Vote Load (0.1ms)[0m  SELECT "votes".* FROM "votes" WHERE "votes"."votable_id" = ? AND "votes"."votable_type" = ? AND "votes"."vote_flag" = 't' AND "votes"."vote_scope" IS NULL  [["votable_id", 34], ["votable_type", "Feed"]]
  [1m[36mComment Exists (0.1ms)[0m  [1mSELECT  1 AS one FROM "comments" WHERE "comments"."feed_id" = ? LIMIT 1[0m  [["feed_id", 34]]
  Rendered comments/_form.html.erb (25.5ms)
  Rendered feeds/show.html.erb within layouts/application (33.8ms)
  Rendered layouts/_footer.html.erb (0.1ms)
Completed 200 OK in 117ms (Views: 111.1ms | ActiveRecord: 0.8ms)


Started GET "/feeds" for ::1 at 2015-05-15 11:32:34 +0545
Processing by FeedsController#index as HTML
  [1m[35mUser Load (0.1ms)[0m  SELECT  "users".* FROM "users" WHERE "users"."id" = ?  ORDER BY "users"."id" ASC LIMIT 1  [["id", 1]]
  Rendered feeds/_form.html.erb (0.7ms)
  [1m[36mFeed Load (0.2ms)[0m  [1mSELECT "feeds".* FROM "feeds"[0m
  [1m[35mUser Load (0.1ms)[0m  SELECT  "users".* FROM "users" WHERE "users"."id" = ? LIMIT 1  [["id", 1]]
  [1m[36m (0.1ms)[0m  [1mSELECT COUNT(*) FROM "comments" WHERE "comments"."feed_id" = ?[0m  [["feed_id", 36]]
  [1m[35m (0.1ms)[0m  SELECT COUNT(*) FROM "votes" WHERE "votes"."voter_id" = ? AND "votes"."voter_type" = ? AND "votes"."votable_id" = ? AND "votes"."votable_type" = ? AND "votes"."vote_scope" IS NULL AND "votes"."vote_flag" = 't'  [["voter_id", 1], ["voter_type", "User"], ["votable_id", 36], ["votable_type", "Feed"]]
  [1m[36m (0.1ms)[0m  [1mSELECT COUNT(*) FROM "votes" WHERE "votes"."votable_id" = ? AND "votes"."votable_type" = ? AND "votes"."vote_flag" = 't' AND "votes"."vote_scope" IS NULL[0m  [["votable_id", 36], ["votable_type", "Feed"]]
  [1m[35m (0.1ms)[0m  SELECT COUNT(*) FROM "votes" WHERE "votes"."voter_id" = ? AND "votes"."voter_type" = ? AND "votes"."votable_id" = ? AND "votes"."votable_type" = ? AND "votes"."vote_scope" IS NULL AND "votes"."vote_flag" = 'f'  [["voter_id", 1], ["voter_type", "User"], ["votable_id", 36], ["votable_type", "Feed"]]
  [1m[36m (0.1ms)[0m  [1mSELECT COUNT(*) FROM "votes" WHERE "votes"."votable_id" = ? AND "votes"."votable_type" = ? AND "votes"."vote_flag" = 'f' AND "votes"."vote_scope" IS NULL[0m  [["votable_id", 36], ["votable_type", "Feed"]]
  [1m[35mCACHE (0.0ms)[0m  SELECT  "users".* FROM "users" WHERE "users"."id" = ? LIMIT 1  [["id", 1]]
  [1m[36m (0.1ms)[0m  [1mSELECT COUNT(*) FROM "comments" WHERE "comments"."feed_id" = ?[0m  [["feed_id", 34]]
  [1m[35m (0.1ms)[0m  SELECT COUNT(*) FROM "votes" WHERE "votes"."voter_id" = ? AND "votes"."voter_type" = ? AND "votes"."votable_id" = ? AND "votes"."votable_type" = ? AND "votes"."vote_scope" IS NULL AND "votes"."vote_flag" = 't'  [["voter_id", 1], ["voter_type", "User"], ["votable_id", 34], ["votable_type", "Feed"]]
  [1m[36m (0.1ms)[0m  [1mSELECT COUNT(*) FROM "votes" WHERE "votes"."votable_id" = ? AND "votes"."votable_type" = ? AND "votes"."vote_flag" = 't' AND "votes"."vote_scope" IS NULL[0m  [["votable_id", 34], ["votable_type", "Feed"]]
  [1m[35m (0.1ms)[0m  SELECT COUNT(*) FROM "votes" WHERE "votes"."voter_id" = ? AND "votes"."voter_type" = ? AND "votes"."votable_id" = ? AND "votes"."votable_type" = ? AND "votes"."vote_scope" IS NULL AND "votes"."vote_flag" = 'f'  [["voter_id", 1], ["voter_type", "User"], ["votable_id", 34], ["votable_type", "Feed"]]
  [1m[36m (0.1ms)[0m  [1mSELECT COUNT(*) FROM "votes" WHERE "votes"."votable_id" = ? AND "votes"."votable_type" = ? AND "votes"."vote_flag" = 'f' AND "votes"."vote_scope" IS NULL[0m  [["votable_id", 34], ["votable_type", "Feed"]]
  [1m[35mCACHE (0.0ms)[0m  SELECT  "users".* FROM "users" WHERE "users"."id" = ? LIMIT 1  [["id", 1]]
  [1m[36m (0.1ms)[0m  [1mSELECT COUNT(*) FROM "comments" WHERE "comments"."feed_id" = ?[0m  [["feed_id", 30]]
  [1m[35m (0.1ms)[0m  SELECT COUNT(*) FROM "votes" WHERE "votes"."voter_id" = ? AND "votes"."voter_type" = ? AND "votes"."votable_id" = ? AND "votes"."votable_type" = ? AND "votes"."vote_scope" IS NULL AND "votes"."vote_flag" = 't'  [["voter_id", 1], ["voter_type", "User"], ["votable_id", 30], ["votable_type", "Feed"]]
  [1m[36m (0.1ms)[0m  [1mSELECT COUNT(*) FROM "votes" WHERE "votes"."votable_id" = ? AND "votes"."votable_type" = ? AND "votes"."vote_flag" = 't' AND "votes"."vote_scope" IS NULL[0m  [["votable_id", 30], ["votable_type", "Feed"]]
  [1m[35m (0.1ms)[0m  SELECT COUNT(*) FROM "votes" WHERE "votes"."voter_id" = ? AND "votes"."voter_type" = ? AND "votes"."votable_id" = ? AND "votes"."votable_type" = ? AND "votes"."vote_scope" IS NULL AND "votes"."vote_flag" = 'f'  [["voter_id", 1], ["voter_type", "User"], ["votable_id", 30], ["votable_type", "Feed"]]
  [1m[36m (0.1ms)[0m  [1mSELECT COUNT(*) FROM "votes" WHERE "votes"."votable_id" = ? AND "votes"."votable_type" = ? AND "votes"."vote_flag" = 'f' AND "votes"."vote_scope" IS NULL[0m  [["votable_id", 30], ["votable_type", "Feed"]]
  [1m[35mUser Load (0.1ms)[0m  SELECT  "users".* FROM "users" WHERE "users"."id" = ? LIMIT 1  [["id", 6]]
  [1m[36m (0.1ms)[0m  [1mSELECT COUNT(*) FROM "comments" WHERE "comments"."feed_id" = ?[0m  [["feed_id", 13]]
  [1m[35m (0.1ms)[0m  SELECT COUNT(*) FROM "votes" WHERE "votes"."voter_id" = ? AND "votes"."voter_type" = ? AND "votes"."votable_id" = ? AND "votes"."votable_type" = ? AND "votes"."vote_scope" IS NULL AND "votes"."vote_flag" = 't'  [["voter_id", 1], ["voter_type", "User"], ["votable_id", 13], ["votable_type", "Feed"]]
  [1m[36m (0.1ms)[0m  [1mSELECT COUNT(*) FROM "votes" WHERE "votes"."votable_id" = ? AND "votes"."votable_type" = ? AND "votes"."vote_flag" = 't' AND "votes"."vote_scope" IS NULL[0m  [["votable_id", 13], ["votable_type", "Feed"]]
  [1m[35m (0.1ms)[0m  SELECT COUNT(*) FROM "votes" WHERE "votes"."voter_id" = ? AND "votes"."voter_type" = ? AND "votes"."votable_id" = ? AND "votes"."votable_type" = ? AND "votes"."vote_scope" IS NULL AND "votes"."vote_flag" = 'f'  [["voter_id", 1], ["voter_type", "User"], ["votable_id", 13], ["votable_type", "Feed"]]
  [1m[36m (0.1ms)[0m  [1mSELECT COUNT(*) FROM "votes" WHERE "votes"."votable_id" = ? AND "votes"."votable_type" = ? AND "votes"."vote_flag" = 'f' AND "votes"."vote_scope" IS NULL[0m  [["votable_id", 13], ["votable_type", "Feed"]]
  [1m[35mUser Load (0.1ms)[0m  SELECT  "users".* FROM "users" WHERE "users"."id" = ? LIMIT 1  [["id", 2]]
  [1m[36m (0.1ms)[0m  [1mSELECT COUNT(*) FROM "comments" WHERE "comments"."feed_id" = ?[0m  [["feed_id", 2]]
  [1m[35m (0.1ms)[0m  SELECT COUNT(*) FROM "votes" WHERE "votes"."voter_id" = ? AND "votes"."voter_type" = ? AND "votes"."votable_id" = ? AND "votes"."votable_type" = ? AND "votes"."vote_scope" IS NULL AND "votes"."vote_flag" = 't'  [["voter_id", 1], ["voter_type", "User"], ["votable_id", 2], ["votable_type", "Feed"]]
  [1m[36m (0.1ms)[0m  [1mSELECT COUNT(*) FROM "votes" WHERE "votes"."votable_id" = ? AND "votes"."votable_type" = ? AND "votes"."vote_flag" = 't' AND "votes"."vote_scope" IS NULL[0m  [["votable_id", 2], ["votable_type", "Feed"]]
  [1m[35m (0.1ms)[0m  SELECT COUNT(*) FROM "votes" WHERE "votes"."voter_id" = ? AND "votes"."voter_type" = ? AND "votes"."votable_id" = ? AND "votes"."votable_type" = ? AND "votes"."vote_scope" IS NULL AND "votes"."vote_flag" = 'f'  [["voter_id", 1], ["voter_type", "User"], ["votable_id", 2], ["votable_type", "Feed"]]
  [1m[36m (0.1ms)[0m  [1mSELECT COUNT(*) FROM "votes" WHERE "votes"."votable_id" = ? AND "votes"."votable_type" = ? AND "votes"."vote_flag" = 'f' AND "votes"."vote_scope" IS NULL[0m  [["votable_id", 2], ["votable_type", "Feed"]]
  [1m[35mCACHE (0.0ms)[0m  SELECT  "users".* FROM "users" WHERE "users"."id" = ? LIMIT 1  [["id", 1]]
  [1m[36m (0.1ms)[0m  [1mSELECT COUNT(*) FROM "comments" WHERE "comments"."feed_id" = ?[0m  [["feed_id", 1]]
  [1m[35m (0.1ms)[0m  SELECT COUNT(*) FROM "votes" WHERE "votes"."voter_id" = ? AND "votes"."voter_type" = ? AND "votes"."votable_id" = ? AND "votes"."votable_type" = ? AND "votes"."vote_scope" IS NULL AND "votes"."vote_flag" = 't'  [["voter_id", 1], ["voter_type", "User"], ["votable_id", 1], ["votable_type", "Feed"]]
  [1m[36m (0.1ms)[0m  [1mSELECT COUNT(*) FROM "votes" WHERE "votes"."votable_id" = ? AND "votes"."votable_type" = ? AND "votes"."vote_flag" = 't' AND "votes"."vote_scope" IS NULL[0m  [["votable_id", 1], ["votable_type", "Feed"]]
  [1m[35m (0.1ms)[0m  SELECT COUNT(*) FROM "votes" WHERE "votes"."voter_id" = ? AND "votes"."voter_type" = ? AND "votes"."votable_id" = ? AND "votes"."votable_type" = ? AND "votes"."vote_scope" IS NULL AND "votes"."vote_flag" = 'f'  [["voter_id", 1], ["voter_type", "User"], ["votable_id", 1], ["votable_type", "Feed"]]
  [1m[36m (0.1ms)[0m  [1mSELECT COUNT(*) FROM "votes" WHERE "votes"."votable_id" = ? AND "votes"."votable_type" = ? AND "votes"."vote_flag" = 'f' AND "votes"."vote_scope" IS NULL[0m  [["votable_id", 1], ["votable_type", "Feed"]]
  Rendered feeds/index.html.erb within layouts/application (38.4ms)
  Rendered layouts/_footer.html.erb (0.1ms)
Completed 200 OK in 164ms (Views: 157.5ms | ActiveRecord: 2.7ms)
